<?xml version="1.0" encoding="UTF-8"?>
<coverage generated="1661935750237" clover="3.2.0">
  <project timestamp="1661935750237" name="All files">
    <metrics statements="420" coveredstatements="206" conditionals="325" coveredconditionals="113" methods="151" coveredmethods="77" elements="896" coveredelements="396" complexity="0" loc="420" ncloc="420" packages="2" files="30" classes="30"/>
    <package name="src">
      <metrics statements="289" coveredstatements="103" conditionals="230" coveredconditionals="37" methods="89" coveredmethods="30"/>
      <file name="index.ts" path="/Users/michaelolof/Desktop/michaelolof.O/Projects/npm-projects/vue-state-validator/src/index.ts">
        <metrics statements="28" coveredstatements="28" conditionals="0" coveredconditionals="0" methods="28" coveredmethods="10"/>
        <line num="1" count="1" type="stmt"/>
        <line num="2" count="3" type="stmt"/>
        <line num="4" count="5" type="stmt"/>
        <line num="5" count="1" type="stmt"/>
        <line num="6" count="1" type="stmt"/>
        <line num="7" count="1" type="stmt"/>
        <line num="8" count="1" type="stmt"/>
        <line num="9" count="1" type="stmt"/>
        <line num="10" count="1" type="stmt"/>
        <line num="11" count="1" type="stmt"/>
        <line num="12" count="1" type="stmt"/>
        <line num="13" count="1" type="stmt"/>
        <line num="14" count="1" type="stmt"/>
        <line num="15" count="1" type="stmt"/>
        <line num="16" count="1" type="stmt"/>
        <line num="17" count="1" type="stmt"/>
        <line num="18" count="9" type="stmt"/>
        <line num="19" count="5" type="stmt"/>
        <line num="20" count="3" type="stmt"/>
        <line num="21" count="1" type="stmt"/>
        <line num="22" count="1" type="stmt"/>
        <line num="23" count="1" type="stmt"/>
        <line num="24" count="3" type="stmt"/>
        <line num="25" count="3" type="stmt"/>
        <line num="26" count="10" type="stmt"/>
        <line num="27" count="1" type="stmt"/>
        <line num="28" count="7" type="stmt"/>
        <line num="30" count="1" type="stmt"/>
      </file>
      <file name="plugin.ts" path="/Users/michaelolof/Desktop/michaelolof.O/Projects/npm-projects/vue-state-validator/src/plugin.ts">
        <metrics statements="159" coveredstatements="4" conditionals="136" coveredconditionals="0" methods="37" coveredmethods="0"/>
        <line num="1" count="1" type="stmt"/>
        <line num="2" count="1" type="stmt"/>
        <line num="3" count="1" type="stmt"/>
        <line num="8" count="0" type="stmt"/>
        <line num="9" count="0" type="cond" truecount="0" falsecount="4"/>
        <line num="11" count="0" type="cond" truecount="0" falsecount="4"/>
        <line num="12" count="0" type="stmt"/>
        <line num="16" count="0" type="stmt"/>
        <line num="17" count="0" type="cond" truecount="0" falsecount="4"/>
        <line num="18" count="0" type="cond" truecount="0" falsecount="4"/>
        <line num="19" count="0" type="stmt"/>
        <line num="22" count="0" type="stmt"/>
        <line num="23" count="0" type="stmt"/>
        <line num="24" count="0" type="stmt"/>
        <line num="25" count="0" type="stmt"/>
        <line num="27" count="0" type="stmt"/>
        <line num="28" count="0" type="cond" truecount="0" falsecount="2"/>
        <line num="29" count="0" type="cond" truecount="0" falsecount="2"/>
        <line num="30" count="0" type="stmt"/>
        <line num="31" count="0" type="stmt"/>
        <line num="32" count="0" type="cond" truecount="0" falsecount="2"/>
        <line num="34" count="0" type="cond" truecount="0" falsecount="2"/>
        <line num="35" count="0" type="stmt"/>
        <line num="39" count="0" type="cond" truecount="0" falsecount="2"/>
        <line num="40" count="0" type="stmt"/>
        <line num="42" count="0" type="cond" truecount="0" falsecount="2"/>
        <line num="43" count="0" type="stmt"/>
        <line num="45" count="0" type="stmt"/>
        <line num="46" count="0" type="stmt"/>
        <line num="49" count="0" type="cond" truecount="0" falsecount="2"/>
        <line num="50" count="0" type="cond" truecount="0" falsecount="2"/>
        <line num="51" count="0" type="stmt"/>
        <line num="53" count="0" type="cond" truecount="0" falsecount="2"/>
        <line num="54" count="0" type="stmt"/>
        <line num="56" count="0" type="stmt"/>
        <line num="57" count="0" type="stmt"/>
        <line num="62" count="0" type="stmt"/>
        <line num="66" count="0" type="stmt"/>
        <line num="68" count="0" type="cond" truecount="0" falsecount="2"/>
        <line num="69" count="0" type="stmt"/>
        <line num="78" count="0" type="stmt"/>
        <line num="79" count="0" type="cond" truecount="0" falsecount="4"/>
        <line num="81" count="0" type="cond" truecount="0" falsecount="2"/>
        <line num="83" count="0" type="cond" truecount="0" falsecount="2"/>
        <line num="84" count="0" type="stmt"/>
        <line num="85" count="0" type="cond" truecount="0" falsecount="4"/>
        <line num="88" count="0" type="stmt"/>
        <line num="89" count="0" type="cond" truecount="0" falsecount="4"/>
        <line num="92" count="0" type="cond" truecount="0" falsecount="2"/>
        <line num="93" count="0" type="stmt"/>
        <line num="94" count="0" type="cond" truecount="0" falsecount="4"/>
        <line num="97" count="0" type="stmt"/>
        <line num="98" count="0" type="stmt"/>
        <line num="101" count="0" type="stmt"/>
        <line num="102" count="0" type="stmt"/>
        <line num="103" count="0" type="stmt"/>
        <line num="105" count="0" type="cond" truecount="0" falsecount="2"/>
        <line num="106" count="0" type="stmt"/>
        <line num="107" count="0" type="stmt"/>
        <line num="109" count="0" type="cond" truecount="0" falsecount="2"/>
        <line num="110" count="0" type="cond" truecount="0" falsecount="2"/>
        <line num="111" count="0" type="stmt"/>
        <line num="112" count="0" type="stmt"/>
        <line num="113" count="0" type="stmt"/>
        <line num="114" count="0" type="stmt"/>
        <line num="118" count="0" type="stmt"/>
        <line num="122" count="0" type="stmt"/>
        <line num="123" count="0" type="stmt"/>
        <line num="131" count="0" type="stmt"/>
        <line num="132" count="0" type="cond" truecount="0" falsecount="4"/>
        <line num="134" count="0" type="cond" truecount="0" falsecount="2"/>
        <line num="136" count="0" type="cond" truecount="0" falsecount="2"/>
        <line num="137" count="0" type="stmt"/>
        <line num="138" count="0" type="cond" truecount="0" falsecount="4"/>
        <line num="141" count="0" type="stmt"/>
        <line num="142" count="0" type="cond" truecount="0" falsecount="4"/>
        <line num="145" count="0" type="cond" truecount="0" falsecount="2"/>
        <line num="146" count="0" type="stmt"/>
        <line num="147" count="0" type="cond" truecount="0" falsecount="4"/>
        <line num="150" count="0" type="stmt"/>
        <line num="151" count="0" type="stmt"/>
        <line num="154" count="0" type="stmt"/>
        <line num="155" count="0" type="stmt"/>
        <line num="156" count="0" type="stmt"/>
        <line num="158" count="0" type="cond" truecount="0" falsecount="2"/>
        <line num="159" count="0" type="stmt"/>
        <line num="160" count="0" type="stmt"/>
        <line num="162" count="0" type="cond" truecount="0" falsecount="2"/>
        <line num="163" count="0" type="cond" truecount="0" falsecount="2"/>
        <line num="164" count="0" type="stmt"/>
        <line num="165" count="0" type="stmt"/>
        <line num="166" count="0" type="stmt"/>
        <line num="167" count="0" type="stmt"/>
        <line num="171" count="0" type="stmt"/>
        <line num="175" count="0" type="stmt"/>
        <line num="176" count="0" type="stmt"/>
        <line num="184" count="0" type="stmt"/>
        <line num="185" count="0" type="cond" truecount="0" falsecount="4"/>
        <line num="187" count="0" type="cond" truecount="0" falsecount="2"/>
        <line num="189" count="0" type="cond" truecount="0" falsecount="2"/>
        <line num="190" count="0" type="stmt"/>
        <line num="191" count="0" type="stmt"/>
        <line num="192" count="0" type="stmt"/>
        <line num="193" count="0" type="cond" truecount="0" falsecount="2"/>
        <line num="194" count="0" type="stmt"/>
        <line num="198" count="0" type="stmt"/>
        <line num="200" count="0" type="stmt"/>
        <line num="202" count="0" type="stmt"/>
        <line num="203" count="0" type="stmt"/>
        <line num="205" count="0" type="cond" truecount="0" falsecount="2"/>
        <line num="206" count="0" type="stmt"/>
        <line num="208" count="0" type="cond" truecount="0" falsecount="2"/>
        <line num="209" count="0" type="stmt"/>
        <line num="211" count="0" type="stmt"/>
        <line num="212" count="0" type="stmt"/>
        <line num="217" count="0" type="stmt"/>
        <line num="221" count="0" type="stmt"/>
        <line num="229" count="0" type="stmt"/>
        <line num="230" count="0" type="cond" truecount="0" falsecount="4"/>
        <line num="232" count="0" type="cond" truecount="0" falsecount="2"/>
        <line num="234" count="0" type="cond" truecount="0" falsecount="2"/>
        <line num="235" count="0" type="stmt"/>
        <line num="239" count="0" type="stmt"/>
        <line num="241" count="0" type="stmt"/>
        <line num="243" count="0" type="stmt"/>
        <line num="244" count="0" type="stmt"/>
        <line num="246" count="0" type="cond" truecount="0" falsecount="2"/>
        <line num="247" count="0" type="stmt"/>
        <line num="249" count="0" type="cond" truecount="0" falsecount="2"/>
        <line num="250" count="0" type="stmt"/>
        <line num="252" count="0" type="stmt"/>
        <line num="253" count="0" type="stmt"/>
        <line num="258" count="0" type="stmt"/>
        <line num="262" count="0" type="stmt"/>
        <line num="270" count="0" type="stmt"/>
        <line num="272" count="0" type="cond" truecount="0" falsecount="2"/>
        <line num="273" count="0" type="cond" truecount="0" falsecount="2"/>
        <line num="274" count="0" type="cond" truecount="0" falsecount="2"/>
        <line num="275" count="0" type="cond" truecount="0" falsecount="2"/>
        <line num="276" count="0" type="cond" truecount="0" falsecount="2"/>
        <line num="277" count="0" type="cond" truecount="0" falsecount="2"/>
        <line num="278" count="0" type="stmt"/>
        <line num="281" count="0" type="stmt"/>
        <line num="285" count="0" type="stmt"/>
        <line num="286" count="0" type="cond" truecount="0" falsecount="4"/>
        <line num="290" count="0" type="stmt"/>
        <line num="294" count="0" type="stmt"/>
        <line num="295" count="0" type="stmt"/>
        <line num="296" count="0" type="stmt"/>
        <line num="297" count="0" type="cond" truecount="0" falsecount="2"/>
        <line num="298" count="0" type="stmt"/>
        <line num="301" count="0" type="stmt"/>
        <line num="305" count="1" type="stmt"/>
        <line num="308" count="0" type="stmt"/>
        <line num="309" count="0" type="stmt"/>
        <line num="310" count="0" type="stmt"/>
        <line num="311" count="0" type="stmt"/>
        <line num="312" count="0" type="stmt"/>
        <line num="313" count="0" type="stmt"/>
      </file>
      <file name="utils.ts" path="/Users/michaelolof/Desktop/michaelolof.O/Projects/npm-projects/vue-state-validator/src/utils.ts">
        <metrics statements="51" coveredstatements="20" conditionals="58" coveredconditionals="12" methods="9" coveredmethods="5"/>
        <line num="1" count="3" type="stmt"/>
        <line num="2" count="0" type="stmt"/>
        <line num="4" count="0" type="stmt"/>
        <line num="14" count="3" type="stmt"/>
        <line num="15" count="4" type="cond" truecount="1" falsecount="1"/>
        <line num="16" count="0" type="stmt"/>
        <line num="19" count="4" type="stmt"/>
        <line num="24" count="3" type="stmt"/>
        <line num="26" count="29" type="cond" truecount="1" falsecount="1"/>
        <line num="28" count="0" type="cond" truecount="0" falsecount="2"/>
        <line num="29" count="0" type="stmt"/>
        <line num="32" count="0" type="stmt"/>
        <line num="37" count="3" type="stmt"/>
        <line num="38" count="0" type="stmt"/>
        <line num="39" count="0" type="stmt"/>
        <line num="40" count="0" type="stmt"/>
        <line num="41" count="0" type="stmt"/>
        <line num="44" count="0" type="stmt"/>
        <line num="49" count="3" type="stmt"/>
        <line num="50" count="46" type="cond" truecount="2" falsecount="0"/>
        <line num="54" count="3" type="stmt"/>
        <line num="55" count="29" type="cond" truecount="3" falsecount="1"/>
        <line num="56" count="29" type="cond" truecount="1" falsecount="1"/>
        <line num="57" count="29" type="cond" truecount="1" falsecount="2"/>
        <line num="61" count="3" type="stmt"/>
        <line num="64" count="9" type="stmt"/>
        <line num="67" count="9" type="cond" truecount="2" falsecount="0"/>
        <line num="70" count="5" type="cond" truecount="1" falsecount="1"/>
        <line num="71" count="5" type="stmt"/>
        <line num="75" count="0" type="cond" truecount="0" falsecount="2"/>
        <line num="76" count="0" type="cond" truecount="0" falsecount="2"/>
        <line num="77" count="0" type="cond" truecount="0" falsecount="2"/>
        <line num="80" count="0" type="stmt"/>
        <line num="83" count="0" type="stmt"/>
        <line num="86" count="0" type="cond" truecount="0" falsecount="2"/>
        <line num="87" count="0" type="cond" truecount="0" falsecount="2"/>
        <line num="94" count="0" type="cond" truecount="0" falsecount="2"/>
        <line num="98" count="0" type="cond" truecount="0" falsecount="2"/>
        <line num="99" count="0" type="cond" truecount="0" falsecount="2"/>
        <line num="101" count="0" type="cond" truecount="0" falsecount="2"/>
        <line num="108" count="0" type="cond" truecount="0" falsecount="2"/>
        <line num="109" count="0" type="stmt"/>
        <line num="110" count="0" type="cond" truecount="0" falsecount="2"/>
        <line num="113" count="0" type="stmt"/>
        <line num="114" count="0" type="cond" truecount="0" falsecount="2"/>
        <line num="115" count="0" type="cond" truecount="0" falsecount="2"/>
        <line num="121" count="0" type="stmt"/>
        <line num="125" count="3" type="cond" truecount="0" falsecount="2"/>
        <line num="127" count="0" type="stmt"/>
        <line num="128" count="0" type="stmt"/>
        <line num="132" count="3" type="stmt"/>
      </file>
      <file name="validators.ts" path="/Users/michaelolof/Desktop/michaelolof.O/Projects/npm-projects/vue-state-validator/src/validators.ts">
        <metrics statements="51" coveredstatements="51" conditionals="36" coveredconditionals="25" methods="15" coveredmethods="15"/>
        <line num="2" count="1" type="stmt"/>
        <line num="3" count="1" type="stmt"/>
        <line num="31" count="1" type="stmt"/>
        <line num="33" count="2" type="stmt"/>
        <line num="38" count="8" type="stmt"/>
        <line num="40" count="8" type="cond" truecount="1" falsecount="1"/>
        <line num="42" count="8" type="stmt"/>
        <line num="44" count="8" type="cond" truecount="2" falsecount="0"/>
        <line num="48" count="1" type="stmt"/>
        <line num="53" count="1" type="stmt"/>
        <line num="55" count="2" type="stmt"/>
        <line num="60" count="2" type="stmt"/>
        <line num="62" count="6" type="stmt"/>
        <line num="64" count="6" type="cond" truecount="1" falsecount="1"/>
        <line num="66" count="6" type="stmt"/>
        <line num="68" count="6" type="cond" truecount="2" falsecount="0"/>
        <line num="72" count="2" type="stmt"/>
        <line num="78" count="1" type="stmt"/>
        <line num="80" count="23" type="stmt"/>
        <line num="81" count="23" type="stmt"/>
        <line num="82" count="23" type="cond" truecount="2" falsecount="0"/>
        <line num="85" count="7" type="stmt"/>
        <line num="89" count="1" type="stmt"/>
        <line num="91" count="12" type="stmt"/>
        <line num="93" count="11" type="stmt"/>
        <line num="95" count="11" type="cond" truecount="2" falsecount="0"/>
        <line num="97" count="2" type="cond" truecount="2" falsecount="0"/>
        <line num="98" count="1" type="stmt"/>
        <line num="99" count="1" type="stmt"/>
        <line num="102" count="1" type="stmt"/>
        <line num="103" count="1" type="stmt"/>
        <line num="106" count="2" type="stmt"/>
        <line num="108" count="2" type="stmt"/>
        <line num="112" count="9" type="stmt"/>
        <line num="117" count="4" type="stmt"/>
        <line num="122" count="1" type="stmt"/>
        <line num="123" count="9" type="stmt"/>
        <line num="124" count="9" type="stmt"/>
        <line num="125" count="9" type="stmt"/>
        <line num="132" count="34" type="stmt"/>
        <line num="133" count="34" type="cond" truecount="2" falsecount="0"/>
        <line num="135" count="33" type="cond" truecount="4" falsecount="0"/>
        <line num="140" count="2" type="stmt"/>
        <line num="146" count="2" type="stmt"/>
        <line num="151" count="8" type="stmt"/>
        <line num="161" count="6" type="stmt"/>
        <line num="168" count="6" type="cond" truecount="1" falsecount="1"/>
        <line num="169" count="6" type="cond" truecount="1" falsecount="1"/>
        <line num="171" count="6" type="stmt"/>
        <line num="181" count="14" type="cond" truecount="2" falsecount="0"/>
        <line num="188" count="14" type="cond" truecount="2" falsecount="2"/>
      </file>
    </package>
    <package name="src.rules">
      <metrics statements="131" coveredstatements="103" conditionals="95" coveredconditionals="76" methods="62" coveredmethods="47"/>
      <file name="alpha.ts" path="/Users/michaelolof/Desktop/michaelolof.O/Projects/npm-projects/vue-state-validator/src/rules/alpha.ts">
        <metrics statements="4" coveredstatements="4" conditionals="2" coveredconditionals="2" methods="2" coveredmethods="2"/>
        <line num="5" count="2" type="stmt"/>
        <line num="7" count="12" type="stmt"/>
        <line num="9" count="12" type="cond" truecount="2" falsecount="0"/>
        <line num="14" count="5" type="stmt"/>
      </file>
      <file name="alphaNumeric.ts" path="/Users/michaelolof/Desktop/michaelolof.O/Projects/npm-projects/vue-state-validator/src/rules/alphaNumeric.ts">
        <metrics statements="8" coveredstatements="8" conditionals="13" coveredconditionals="13" methods="2" coveredmethods="2"/>
        <line num="5" count="2" type="stmt"/>
        <line num="7" count="5" type="cond" truecount="2" falsecount="0"/>
        <line num="12" count="2" type="stmt"/>
        <line num="19" count="5" type="stmt"/>
        <line num="20" count="35" type="stmt"/>
        <line num="21" count="35" type="cond" truecount="7" falsecount="0"/>
        <line num="24" count="2" type="stmt"/>
        <line num="27" count="3" type="stmt"/>
      </file>
      <file name="charRange.ts" path="/Users/michaelolof/Desktop/michaelolof.O/Projects/npm-projects/vue-state-validator/src/rules/charRange.ts">
        <metrics statements="7" coveredstatements="7" conditionals="4" coveredconditionals="4" methods="4" coveredmethods="4"/>
        <line num="2" count="2" type="stmt"/>
        <line num="3" count="2" type="stmt"/>
        <line num="7" count="5" type="stmt"/>
        <line num="9" count="5" type="stmt"/>
        <line num="10" count="5" type="stmt"/>
        <line num="12" count="5" type="cond" truecount="4" falsecount="0"/>
        <line num="17" count="2" type="stmt"/>
      </file>
      <file name="contains.ts" path="/Users/michaelolof/Desktop/michaelolof.O/Projects/npm-projects/vue-state-validator/src/rules/contains.ts">
        <metrics statements="4" coveredstatements="4" conditionals="2" coveredconditionals="2" methods="3" coveredmethods="3"/>
        <line num="5" count="10" type="stmt"/>
        <line num="7" count="10" type="stmt"/>
        <line num="9" count="10" type="cond" truecount="2" falsecount="0"/>
        <line num="14" count="4" type="stmt"/>
      </file>
      <file name="containsNumbers.ts" path="/Users/michaelolof/Desktop/michaelolof.O/Projects/npm-projects/vue-state-validator/src/rules/containsNumbers.ts">
        <metrics statements="9" coveredstatements="1" conditionals="4" coveredconditionals="0" methods="3" coveredmethods="0"/>
        <line num="5" count="1" type="stmt"/>
        <line num="7" count="0" type="stmt"/>
        <line num="8" count="0" type="stmt"/>
        <line num="9" count="0" type="stmt"/>
        <line num="10" count="0" type="stmt"/>
        <line num="11" count="0" type="cond" truecount="0" falsecount="2"/>
        <line num="13" count="0" type="stmt"/>
        <line num="16" count="0" type="cond" truecount="0" falsecount="2"/>
        <line num="21" count="0" type="stmt"/>
      </file>
      <file name="decimal.ts" path="/Users/michaelolof/Desktop/michaelolof.O/Projects/npm-projects/vue-state-validator/src/rules/decimal.ts">
        <metrics statements="4" coveredstatements="1" conditionals="2" coveredconditionals="0" methods="2" coveredmethods="0"/>
        <line num="4" count="1" type="stmt"/>
        <line num="6" count="0" type="stmt"/>
        <line num="8" count="0" type="cond" truecount="0" falsecount="2"/>
        <line num="13" count="0" type="stmt"/>
      </file>
      <file name="email.ts" path="/Users/michaelolof/Desktop/michaelolof.O/Projects/npm-projects/vue-state-validator/src/rules/email.ts">
        <metrics statements="4" coveredstatements="1" conditionals="2" coveredconditionals="0" methods="2" coveredmethods="0"/>
        <line num="4" count="1" type="stmt"/>
        <line num="6" count="0" type="stmt"/>
        <line num="8" count="0" type="cond" truecount="0" falsecount="2"/>
        <line num="13" count="0" type="stmt"/>
      </file>
      <file name="equal.ts" path="/Users/michaelolof/Desktop/michaelolof.O/Projects/npm-projects/vue-state-validator/src/rules/equal.ts">
        <metrics statements="5" coveredstatements="5" conditionals="2" coveredconditionals="2" methods="2" coveredmethods="2"/>
        <line num="1" count="2" type="stmt"/>
        <line num="5" count="9" type="stmt"/>
        <line num="7" count="9" type="cond" truecount="2" falsecount="0"/>
        <line num="8" count="4" type="stmt"/>
        <line num="14" count="5" type="stmt"/>
      </file>
      <file name="index.ts" path="/Users/michaelolof/Desktop/michaelolof.O/Projects/npm-projects/vue-state-validator/src/rules/index.ts">
        <metrics statements="3" coveredstatements="3" conditionals="6" coveredconditionals="6" methods="1" coveredmethods="1"/>
        <line num="10" count="3" type="stmt"/>
        <line num="11" count="33" type="cond" truecount="2" falsecount="0"/>
        <line num="12" count="33" type="cond" truecount="4" falsecount="0"/>
      </file>
      <file name="integer.ts" path="/Users/michaelolof/Desktop/michaelolof.O/Projects/npm-projects/vue-state-validator/src/rules/integer.ts">
        <metrics statements="4" coveredstatements="1" conditionals="2" coveredconditionals="0" methods="2" coveredmethods="0"/>
        <line num="4" count="1" type="stmt"/>
        <line num="6" count="0" type="stmt"/>
        <line num="8" count="0" type="cond" truecount="0" falsecount="2"/>
        <line num="13" count="0" type="stmt"/>
      </file>
      <file name="ipAddress.ts" path="/Users/michaelolof/Desktop/michaelolof.O/Projects/npm-projects/vue-state-validator/src/rules/ipAddress.ts">
        <metrics statements="4" coveredstatements="1" conditionals="2" coveredconditionals="0" methods="2" coveredmethods="0"/>
        <line num="4" count="1" type="stmt"/>
        <line num="6" count="0" type="stmt"/>
        <line num="8" count="0" type="cond" truecount="0" falsecount="2"/>
        <line num="13" count="0" type="stmt"/>
      </file>
      <file name="macAddress.ts" path="/Users/michaelolof/Desktop/michaelolof.O/Projects/npm-projects/vue-state-validator/src/rules/macAddress.ts">
        <metrics statements="4" coveredstatements="1" conditionals="2" coveredconditionals="0" methods="2" coveredmethods="0"/>
        <line num="4" count="1" type="stmt"/>
        <line num="6" count="0" type="stmt"/>
        <line num="8" count="0" type="cond" truecount="0" falsecount="2"/>
        <line num="13" count="0" type="stmt"/>
      </file>
      <file name="match.ts" path="/Users/michaelolof/Desktop/michaelolof.O/Projects/npm-projects/vue-state-validator/src/rules/match.ts">
        <metrics statements="6" coveredstatements="5" conditionals="4" coveredconditionals="4" methods="2" coveredmethods="2"/>
        <line num="5" count="5" type="stmt"/>
        <line num="6" count="5" type="stmt"/>
        <line num="7" count="5" type="cond" truecount="4" falsecount="0"/>
        <line num="8" count="3" type="stmt"/>
        <line num="14" count="2" type="stmt"/>
        <line num="16" count="0" type="stmt"/>
      </file>
      <file name="matchLength.ts" path="/Users/michaelolof/Desktop/michaelolof.O/Projects/npm-projects/vue-state-validator/src/rules/matchLength.ts">
        <metrics statements="7" coveredstatements="7" conditionals="8" coveredconditionals="8" methods="3" coveredmethods="3"/>
        <line num="4" count="7" type="stmt"/>
        <line num="6" count="7" type="stmt"/>
        <line num="7" count="7" type="cond" truecount="2" falsecount="0"/>
        <line num="8" count="7" type="cond" truecount="4" falsecount="0"/>
        <line num="9" count="7" type="stmt"/>
        <line num="12" count="7" type="cond" truecount="2" falsecount="0"/>
        <line num="17" count="2" type="stmt"/>
      </file>
      <file name="max.ts" path="/Users/michaelolof/Desktop/michaelolof.O/Projects/npm-projects/vue-state-validator/src/rules/max.ts">
        <metrics statements="4" coveredstatements="4" conditionals="2" coveredconditionals="2" methods="2" coveredmethods="2"/>
        <line num="1" count="3" type="stmt"/>
        <line num="5" count="21" type="stmt"/>
        <line num="7" count="21" type="cond" truecount="2" falsecount="0"/>
        <line num="12" count="9" type="stmt"/>
      </file>
      <file name="maxChar.ts" path="/Users/michaelolof/Desktop/michaelolof.O/Projects/npm-projects/vue-state-validator/src/rules/maxChar.ts">
        <metrics statements="4" coveredstatements="4" conditionals="2" coveredconditionals="2" methods="3" coveredmethods="3"/>
        <line num="4" count="18" type="stmt"/>
        <line num="6" count="16" type="stmt"/>
        <line num="8" count="16" type="cond" truecount="2" falsecount="0"/>
        <line num="13" count="4" type="stmt"/>
      </file>
      <file name="maxWord.ts" path="/Users/michaelolof/Desktop/michaelolof.O/Projects/npm-projects/vue-state-validator/src/rules/maxWord.ts">
        <metrics statements="4" coveredstatements="4" conditionals="2" coveredconditionals="2" methods="3" coveredmethods="3"/>
        <line num="4" count="9" type="stmt"/>
        <line num="6" count="30" type="stmt"/>
        <line num="7" count="9" type="cond" truecount="2" falsecount="0"/>
        <line num="12" count="1" type="stmt"/>
      </file>
      <file name="min.ts" path="/Users/michaelolof/Desktop/michaelolof.O/Projects/npm-projects/vue-state-validator/src/rules/min.ts">
        <metrics statements="4" coveredstatements="3" conditionals="2" coveredconditionals="1" methods="2" coveredmethods="2"/>
        <line num="1" count="2" type="stmt"/>
        <line num="4" count="12" type="stmt"/>
        <line num="6" count="12" type="cond" truecount="1" falsecount="1"/>
        <line num="11" count="0" type="stmt"/>
      </file>
      <file name="minChar.ts" path="/Users/michaelolof/Desktop/michaelolof.O/Projects/npm-projects/vue-state-validator/src/rules/minChar.ts">
        <metrics statements="3" coveredstatements="3" conditionals="2" coveredconditionals="2" methods="2" coveredmethods="2"/>
        <line num="4" count="10" type="stmt"/>
        <line num="6" count="10" type="cond" truecount="2" falsecount="0"/>
        <line num="11" count="2" type="stmt"/>
      </file>
      <file name="minWord.ts" path="/Users/michaelolof/Desktop/michaelolof.O/Projects/npm-projects/vue-state-validator/src/rules/minWord.ts">
        <metrics statements="4" coveredstatements="4" conditionals="2" coveredconditionals="2" methods="3" coveredmethods="3"/>
        <line num="4" count="11" type="stmt"/>
        <line num="6" count="39" type="stmt"/>
        <line num="7" count="11" type="cond" truecount="2" falsecount="0"/>
        <line num="12" count="3" type="stmt"/>
      </file>
      <file name="notContain.ts" path="/Users/michaelolof/Desktop/michaelolof.O/Projects/npm-projects/vue-state-validator/src/rules/notContain.ts">
        <metrics statements="4" coveredstatements="4" conditionals="2" coveredconditionals="2" methods="2" coveredmethods="2"/>
        <line num="1" count="2" type="stmt"/>
        <line num="6" count="5" type="stmt"/>
        <line num="8" count="5" type="cond" truecount="2" falsecount="0"/>
        <line num="13" count="3" type="stmt"/>
      </file>
      <file name="numeric.ts" path="/Users/michaelolof/Desktop/michaelolof.O/Projects/npm-projects/vue-state-validator/src/rules/numeric.ts">
        <metrics statements="3" coveredstatements="3" conditionals="2" coveredconditionals="2" methods="1" coveredmethods="1"/>
        <line num="5" count="2" type="stmt"/>
        <line num="7" count="18" type="cond" truecount="2" falsecount="0"/>
        <line num="12" count="9" type="stmt"/>
      </file>
      <file name="range.ts" path="/Users/michaelolof/Desktop/michaelolof.O/Projects/npm-projects/vue-state-validator/src/rules/range.ts">
        <metrics statements="7" coveredstatements="7" conditionals="4" coveredconditionals="4" methods="4" coveredmethods="4"/>
        <line num="2" count="2" type="stmt"/>
        <line num="3" count="2" type="stmt"/>
        <line num="7" count="11" type="stmt"/>
        <line num="9" count="10" type="stmt"/>
        <line num="10" count="10" type="stmt"/>
        <line num="12" count="10" type="cond" truecount="4" falsecount="0"/>
        <line num="17" count="4" type="stmt"/>
      </file>
      <file name="required.ts" path="/Users/michaelolof/Desktop/michaelolof.O/Projects/npm-projects/vue-state-validator/src/rules/required.ts">
        <metrics statements="9" coveredstatements="9" conditionals="12" coveredconditionals="12" methods="2" coveredmethods="2"/>
        <line num="1" count="2" type="stmt"/>
        <line num="5" count="2" type="stmt"/>
        <line num="6" count="20" type="cond" truecount="4" falsecount="0"/>
        <line num="7" count="12" type="stmt"/>
        <line num="11" count="2" type="stmt"/>
        <line num="13" count="63" type="cond" truecount="2" falsecount="0"/>
        <line num="15" count="63" type="cond" truecount="6" falsecount="0"/>
        <line num="16" count="19" type="stmt"/>
        <line num="19" count="44" type="stmt"/>
      </file>
      <file name="url.ts" path="/Users/michaelolof/Desktop/michaelolof.O/Projects/npm-projects/vue-state-validator/src/rules/url.ts">
        <metrics statements="5" coveredstatements="2" conditionals="4" coveredconditionals="0" methods="2" coveredmethods="0"/>
        <line num="2" count="1" type="stmt"/>
        <line num="5" count="1" type="stmt"/>
        <line num="7" count="0" type="stmt"/>
        <line num="15" count="0" type="cond" truecount="0" falsecount="4"/>
        <line num="20" count="0" type="stmt"/>
      </file>
      <file name="wordRange.ts" path="/Users/michaelolof/Desktop/michaelolof.O/Projects/npm-projects/vue-state-validator/src/rules/wordRange.ts">
        <metrics statements="7" coveredstatements="7" conditionals="4" coveredconditionals="4" methods="4" coveredmethods="4"/>
        <line num="2" count="1" type="stmt"/>
        <line num="3" count="1" type="stmt"/>
        <line num="7" count="6" type="stmt"/>
        <line num="9" count="6" type="stmt"/>
        <line num="10" count="6" type="stmt"/>
        <line num="12" count="6" type="cond" truecount="4" falsecount="0"/>
        <line num="17" count="2" type="stmt"/>
      </file>
    </package>
  </project>
</coverage>
