{"/Users/michaelolof/Desktop/michaelolof.O/Projects/npm-projects/vue-state-validator/src/index.ts": {"path":"/Users/michaelolof/Desktop/michaelolof.O/Projects/npm-projects/vue-state-validator/src/index.ts","statementMap":{"0":{"start":{"line":1,"column":0},"end":{"line":1,"column":41}},"1":{"start":{"line":2,"column":0},"end":{"line":2,"column":26}},"2":{"start":{"line":2,"column":26},"end":{"line":2,"column":36}},"3":{"start":{"line":2,"column":36},"end":{"line":2,"column":101}},"4":{"start":{"line":4,"column":0},"end":{"line":4,"column":9}},"5":{"start":{"line":4,"column":9},"end":{"line":4,"column":38}},"6":{"start":{"line":5,"column":0},"end":{"line":5,"column":9}},"7":{"start":{"line":5,"column":9},"end":{"line":5,"column":52}},"8":{"start":{"line":6,"column":0},"end":{"line":6,"column":9}},"9":{"start":{"line":6,"column":9},"end":{"line":6,"column":46}},"10":{"start":{"line":7,"column":0},"end":{"line":7,"column":9}},"11":{"start":{"line":7,"column":9},"end":{"line":7,"column":44}},"12":{"start":{"line":8,"column":0},"end":{"line":8,"column":9}},"13":{"start":{"line":8,"column":9},"end":{"line":8,"column":42}},"14":{"start":{"line":9,"column":0},"end":{"line":9,"column":9}},"15":{"start":{"line":9,"column":9},"end":{"line":9,"column":42}},"16":{"start":{"line":10,"column":0},"end":{"line":10,"column":9}},"17":{"start":{"line":10,"column":9},"end":{"line":10,"column":38}},"18":{"start":{"line":11,"column":0},"end":{"line":11,"column":9}},"19":{"start":{"line":11,"column":9},"end":{"line":11,"column":38}},"20":{"start":{"line":12,"column":0},"end":{"line":12,"column":9}},"21":{"start":{"line":12,"column":9},"end":{"line":12,"column":42}},"22":{"start":{"line":13,"column":0},"end":{"line":13,"column":9}},"23":{"start":{"line":13,"column":9},"end":{"line":13,"column":46}},"24":{"start":{"line":14,"column":0},"end":{"line":14,"column":9}},"25":{"start":{"line":14,"column":9},"end":{"line":14,"column":48}},"26":{"start":{"line":15,"column":0},"end":{"line":15,"column":9}},"27":{"start":{"line":15,"column":9},"end":{"line":15,"column":38}},"28":{"start":{"line":16,"column":0},"end":{"line":16,"column":9}},"29":{"start":{"line":16,"column":9},"end":{"line":16,"column":50}},"30":{"start":{"line":17,"column":0},"end":{"line":17,"column":9}},"31":{"start":{"line":17,"column":9},"end":{"line":17,"column":34}},"32":{"start":{"line":18,"column":0},"end":{"line":18,"column":9}},"33":{"start":{"line":18,"column":9},"end":{"line":18,"column":42}},"34":{"start":{"line":19,"column":0},"end":{"line":19,"column":9}},"35":{"start":{"line":19,"column":9},"end":{"line":19,"column":42}},"36":{"start":{"line":20,"column":0},"end":{"line":20,"column":9}},"37":{"start":{"line":20,"column":9},"end":{"line":20,"column":34}},"38":{"start":{"line":21,"column":0},"end":{"line":21,"column":9}},"39":{"start":{"line":21,"column":9},"end":{"line":21,"column":42}},"40":{"start":{"line":22,"column":0},"end":{"line":22,"column":9}},"41":{"start":{"line":22,"column":9},"end":{"line":22,"column":42}},"42":{"start":{"line":23,"column":0},"end":{"line":23,"column":9}},"43":{"start":{"line":23,"column":9},"end":{"line":23,"column":48}},"44":{"start":{"line":24,"column":0},"end":{"line":24,"column":9}},"45":{"start":{"line":24,"column":9},"end":{"line":24,"column":42}},"46":{"start":{"line":25,"column":0},"end":{"line":25,"column":9}},"47":{"start":{"line":25,"column":9},"end":{"line":25,"column":38}},"48":{"start":{"line":26,"column":0},"end":{"line":26,"column":9}},"49":{"start":{"line":26,"column":9},"end":{"line":26,"column":19}},"50":{"start":{"line":26,"column":19},"end":{"line":26,"column":53}},"51":{"start":{"line":27,"column":0},"end":{"line":27,"column":9}},"52":{"start":{"line":27,"column":9},"end":{"line":27,"column":34}},"53":{"start":{"line":28,"column":0},"end":{"line":28,"column":9}},"54":{"start":{"line":28,"column":9},"end":{"line":28,"column":46}},"55":{"start":{"line":30,"column":0},"end":{"line":30,"column":33}}},"fnMap":{"0":{"name":"(anonymous_1)","decl":{"start":{"line":2,"column":26},"end":{"line":2,"column":34}},"loc":{"start":{"line":2,"column":26},"end":{"line":2,"column":36}}},"1":{"name":"(anonymous_2)","decl":{"start":{"line":2,"column":36},"end":{"line":2,"column":53}},"loc":{"start":{"line":2,"column":36},"end":{"line":2,"column":101}}},"2":{"name":"(anonymous_3)","decl":{"start":{"line":4,"column":9},"end":{"line":4,"column":14}},"loc":{"start":{"line":4,"column":9},"end":{"line":4,"column":38}}},"3":{"name":"(anonymous_4)","decl":{"start":{"line":5,"column":9},"end":{"line":5,"column":21}},"loc":{"start":{"line":5,"column":9},"end":{"line":5,"column":52}}},"4":{"name":"(anonymous_5)","decl":{"start":{"line":6,"column":9},"end":{"line":6,"column":18}},"loc":{"start":{"line":6,"column":9},"end":{"line":6,"column":46}}},"5":{"name":"(anonymous_6)","decl":{"start":{"line":7,"column":9},"end":{"line":7,"column":17}},"loc":{"start":{"line":7,"column":9},"end":{"line":7,"column":44}}},"6":{"name":"(anonymous_7)","decl":{"start":{"line":8,"column":9},"end":{"line":8,"column":23}},"loc":{"start":{"line":8,"column":9},"end":{"line":8,"column":42}}},"7":{"name":"(anonymous_8)","decl":{"start":{"line":9,"column":9},"end":{"line":9,"column":16}},"loc":{"start":{"line":9,"column":9},"end":{"line":9,"column":42}}},"8":{"name":"(anonymous_9)","decl":{"start":{"line":10,"column":9},"end":{"line":10,"column":14}},"loc":{"start":{"line":10,"column":9},"end":{"line":10,"column":38}}},"9":{"name":"(anonymous_10)","decl":{"start":{"line":11,"column":9},"end":{"line":11,"column":14}},"loc":{"start":{"line":11,"column":9},"end":{"line":11,"column":38}}},"10":{"name":"(anonymous_11)","decl":{"start":{"line":12,"column":9},"end":{"line":12,"column":16}},"loc":{"start":{"line":12,"column":9},"end":{"line":12,"column":42}}},"11":{"name":"(anonymous_12)","decl":{"start":{"line":13,"column":9},"end":{"line":13,"column":18}},"loc":{"start":{"line":13,"column":9},"end":{"line":13,"column":46}}},"12":{"name":"(anonymous_13)","decl":{"start":{"line":14,"column":9},"end":{"line":14,"column":19}},"loc":{"start":{"line":14,"column":9},"end":{"line":14,"column":48}}},"13":{"name":"(anonymous_14)","decl":{"start":{"line":15,"column":9},"end":{"line":15,"column":14}},"loc":{"start":{"line":15,"column":9},"end":{"line":15,"column":38}}},"14":{"name":"(anonymous_15)","decl":{"start":{"line":16,"column":9},"end":{"line":16,"column":20}},"loc":{"start":{"line":16,"column":9},"end":{"line":16,"column":50}}},"15":{"name":"(anonymous_16)","decl":{"start":{"line":17,"column":9},"end":{"line":17,"column":12}},"loc":{"start":{"line":17,"column":9},"end":{"line":17,"column":34}}},"16":{"name":"(anonymous_17)","decl":{"start":{"line":18,"column":9},"end":{"line":18,"column":16}},"loc":{"start":{"line":18,"column":9},"end":{"line":18,"column":42}}},"17":{"name":"(anonymous_18)","decl":{"start":{"line":19,"column":9},"end":{"line":19,"column":16}},"loc":{"start":{"line":19,"column":9},"end":{"line":19,"column":42}}},"18":{"name":"(anonymous_19)","decl":{"start":{"line":20,"column":9},"end":{"line":20,"column":12}},"loc":{"start":{"line":20,"column":9},"end":{"line":20,"column":34}}},"19":{"name":"(anonymous_20)","decl":{"start":{"line":21,"column":9},"end":{"line":21,"column":16}},"loc":{"start":{"line":21,"column":9},"end":{"line":21,"column":42}}},"20":{"name":"(anonymous_21)","decl":{"start":{"line":22,"column":9},"end":{"line":22,"column":16}},"loc":{"start":{"line":22,"column":9},"end":{"line":22,"column":42}}},"21":{"name":"(anonymous_22)","decl":{"start":{"line":23,"column":9},"end":{"line":23,"column":19}},"loc":{"start":{"line":23,"column":9},"end":{"line":23,"column":48}}},"22":{"name":"(anonymous_23)","decl":{"start":{"line":24,"column":9},"end":{"line":24,"column":16}},"loc":{"start":{"line":24,"column":9},"end":{"line":24,"column":42}}},"23":{"name":"(anonymous_24)","decl":{"start":{"line":25,"column":9},"end":{"line":25,"column":14}},"loc":{"start":{"line":25,"column":9},"end":{"line":25,"column":38}}},"24":{"name":"(anonymous_25)","decl":{"start":{"line":26,"column":9},"end":{"line":26,"column":17}},"loc":{"start":{"line":26,"column":9},"end":{"line":26,"column":19}}},"25":{"name":"(anonymous_26)","decl":{"start":{"line":26,"column":19},"end":{"line":26,"column":26}},"loc":{"start":{"line":26,"column":19},"end":{"line":26,"column":53}}},"26":{"name":"(anonymous_27)","decl":{"start":{"line":27,"column":9},"end":{"line":27,"column":12}},"loc":{"start":{"line":27,"column":9},"end":{"line":27,"column":34}}},"27":{"name":"(anonymous_28)","decl":{"start":{"line":28,"column":9},"end":{"line":28,"column":18}},"loc":{"start":{"line":28,"column":9},"end":{"line":28,"column":46}}}},"branchMap":{},"s":{"0":1,"1":1,"2":3,"3":3,"4":1,"5":5,"6":1,"7":1,"8":1,"9":1,"10":1,"11":1,"12":1,"13":1,"14":1,"15":1,"16":1,"17":1,"18":1,"19":1,"20":1,"21":1,"22":1,"23":1,"24":1,"25":1,"26":1,"27":1,"28":1,"29":1,"30":1,"31":1,"32":1,"33":9,"34":1,"35":5,"36":1,"37":3,"38":1,"39":1,"40":1,"41":1,"42":1,"43":1,"44":1,"45":3,"46":1,"47":3,"48":1,"49":10,"50":1,"51":1,"52":1,"53":1,"54":7,"55":1},"f":{"0":2,"1":2,"2":4,"3":0,"4":0,"5":0,"6":0,"7":0,"8":0,"9":0,"10":0,"11":0,"12":0,"13":0,"14":0,"15":0,"16":8,"17":4,"18":2,"19":0,"20":0,"21":0,"22":2,"23":2,"24":9,"25":0,"26":0,"27":6},"b":{}}
,"/Users/michaelolof/Desktop/michaelolof.O/Projects/npm-projects/vue-state-validator/src/plugin.ts": {"path":"/Users/michaelolof/Desktop/michaelolof.O/Projects/npm-projects/vue-state-validator/src/plugin.ts","statementMap":{"0":{"start":{"line":1,"column":0},"end":{"line":1,"column":112}},"1":{"start":{"line":2,"column":0},"end":{"line":2,"column":97}},"2":{"start":{"line":3,"column":0},"end":{"line":3,"column":69}},"3":{"start":{"line":8,"column":28},"end":{"line":8,"column":65}},"4":{"start":{"line":8,"column":64},"end":{"line":14,"column":null}},"5":{"start":{"line":9,"column":4},"end":{"line":9,"column":58}},"6":{"start":{"line":9,"column":36},"end":{"line":9,"column":58}},"7":{"start":{"line":11,"column":20},"end":{"line":11,"column":68}},"8":{"start":{"line":12,"column":4},"end":{"line":12,"column":null}},"9":{"start":{"line":12,"column":19},"end":{"line":12,"column":48}},"10":{"start":{"line":16,"column":30},"end":{"line":16,"column":67}},"11":{"start":{"line":16,"column":66},"end":{"line":20,"column":null}},"12":{"start":{"line":17,"column":4},"end":{"line":17,"column":58}},"13":{"start":{"line":17,"column":36},"end":{"line":17,"column":58}},"14":{"start":{"line":18,"column":20},"end":{"line":18,"column":67}},"15":{"start":{"line":19,"column":4},"end":{"line":19,"column":64}},"16":{"start":{"line":19,"column":19},"end":{"line":19,"column":55}},"17":{"start":{"line":22,"column":24},"end":{"line":22,"column":30}},"18":{"start":{"line":23,"column":42},"end":{"line":23,"column":51}},"19":{"start":{"line":24,"column":38},"end":{"line":24,"column":47}},"20":{"start":{"line":25,"column":40},"end":{"line":25,"column":49}},"21":{"start":{"line":27,"column":16},"end":{"line":60,"column":3}},"22":{"start":{"line":28,"column":19},"end":{"line":28,"column":55}},"23":{"start":{"line":29,"column":4},"end":{"line":29,"column":44}},"24":{"start":{"line":30,"column":4},"end":{"line":30,"column":34}},"25":{"start":{"line":31,"column":22},"end":{"line":31,"column":45}},"26":{"start":{"line":32,"column":17},"end":{"line":32,"column":66}},"27":{"start":{"line":34,"column":4},"end":{"line":36,"column":null}},"28":{"start":{"line":35,"column":6},"end":{"line":35,"column":null}},"29":{"start":{"line":39,"column":4},"end":{"line":47,"column":null}},"30":{"start":{"line":40,"column":6},"end":{"line":40,"column":81}},"31":{"start":{"line":42,"column":6},"end":{"line":44,"column":null}},"32":{"start":{"line":43,"column":8},"end":{"line":43,"column":74}},"33":{"start":{"line":45,"column":6},"end":{"line":45,"column":76}},"34":{"start":{"line":46,"column":6},"end":{"line":46,"column":null}},"35":{"start":{"line":49,"column":4},"end":{"line":59,"column":null}},"36":{"start":{"line":50,"column":6},"end":{"line":58,"column":null}},"37":{"start":{"line":51,"column":8},"end":{"line":51,"column":85}},"38":{"start":{"line":53,"column":8},"end":{"line":55,"column":null}},"39":{"start":{"line":54,"column":10},"end":{"line":54,"column":78}},"40":{"start":{"line":56,"column":8},"end":{"line":56,"column":80}},"41":{"start":{"line":57,"column":8},"end":{"line":57,"column":null}},"42":{"start":{"line":62,"column":2},"end":{"line":72,"column":null}},"43":{"start":{"line":66,"column":6},"end":{"line":66,"column":72}},"44":{"start":{"line":68,"column":6},"end":{"line":70,"column":null}},"45":{"start":{"line":69,"column":8},"end":{"line":69,"column":76}},"46":{"start":{"line":78,"column":33},"end":{"line":78,"column":53}},"47":{"start":{"line":78,"column":52},"end":{"line":86,"column":null}},"48":{"start":{"line":79,"column":4},"end":{"line":79,"column":67}},"49":{"start":{"line":79,"column":60},"end":{"line":79,"column":67}},"50":{"start":{"line":81,"column":4},"end":{"line":81,"column":33}},"51":{"start":{"line":81,"column":26},"end":{"line":81,"column":33}},"52":{"start":{"line":83,"column":18},"end":{"line":83,"column":40}},"53":{"start":{"line":84,"column":20},"end":{"line":84,"column":52}},"54":{"start":{"line":85,"column":4},"end":{"line":85,"column":58}},"55":{"start":{"line":85,"column":37},"end":{"line":85,"column":58}},"56":{"start":{"line":88,"column":40},"end":{"line":88,"column":60}},"57":{"start":{"line":88,"column":59},"end":{"line":95,"column":null}},"58":{"start":{"line":89,"column":4},"end":{"line":89,"column":67}},"59":{"start":{"line":89,"column":60},"end":{"line":89,"column":67}},"60":{"start":{"line":92,"column":18},"end":{"line":92,"column":77}},"61":{"start":{"line":93,"column":20},"end":{"line":93,"column":52}},"62":{"start":{"line":94,"column":4},"end":{"line":94,"column":58}},"63":{"start":{"line":94,"column":37},"end":{"line":94,"column":58}},"64":{"start":{"line":97,"column":35},"end":{"line":97,"column":44}},"65":{"start":{"line":98,"column":42},"end":{"line":98,"column":51}},"66":{"start":{"line":101,"column":16},"end":{"line":116,"column":3}},"67":{"start":{"line":102,"column":18},"end":{"line":102,"column":48}},"68":{"start":{"line":103,"column":22},"end":{"line":103,"column":45}},"69":{"start":{"line":105,"column":4},"end":{"line":115,"column":null}},"70":{"start":{"line":106,"column":6},"end":{"line":106,"column":62}},"71":{"start":{"line":107,"column":6},"end":{"line":107,"column":67}},"72":{"start":{"line":109,"column":6},"end":{"line":109,"column":89}},"73":{"start":{"line":109,"column":32},"end":{"line":109,"column":89}},"74":{"start":{"line":110,"column":6},"end":{"line":110,"column":101}},"75":{"start":{"line":110,"column":39},"end":{"line":110,"column":101}},"76":{"start":{"line":111,"column":6},"end":{"line":111,"column":60}},"77":{"start":{"line":112,"column":6},"end":{"line":112,"column":74}},"78":{"start":{"line":113,"column":6},"end":{"line":113,"column":null}},"79":{"start":{"line":114,"column":6},"end":{"line":114,"column":null}},"80":{"start":{"line":118,"column":2},"end":{"line":125,"column":null}},"81":{"start":{"line":122,"column":6},"end":{"line":122,"column":63}},"82":{"start":{"line":123,"column":6},"end":{"line":123,"column":68}},"83":{"start":{"line":131,"column":31},"end":{"line":131,"column":51}},"84":{"start":{"line":131,"column":50},"end":{"line":139,"column":null}},"85":{"start":{"line":132,"column":4},"end":{"line":132,"column":67}},"86":{"start":{"line":132,"column":60},"end":{"line":132,"column":67}},"87":{"start":{"line":134,"column":4},"end":{"line":134,"column":33}},"88":{"start":{"line":134,"column":26},"end":{"line":134,"column":33}},"89":{"start":{"line":136,"column":18},"end":{"line":136,"column":40}},"90":{"start":{"line":137,"column":23},"end":{"line":137,"column":65}},"91":{"start":{"line":138,"column":4},"end":{"line":138,"column":61}},"92":{"start":{"line":138,"column":40},"end":{"line":138,"column":61}},"93":{"start":{"line":141,"column":38},"end":{"line":141,"column":58}},"94":{"start":{"line":141,"column":57},"end":{"line":148,"column":null}},"95":{"start":{"line":142,"column":4},"end":{"line":142,"column":67}},"96":{"start":{"line":142,"column":60},"end":{"line":142,"column":67}},"97":{"start":{"line":145,"column":20},"end":{"line":145,"column":79}},"98":{"start":{"line":146,"column":25},"end":{"line":146,"column":67}},"99":{"start":{"line":147,"column":6},"end":{"line":147,"column":63}},"100":{"start":{"line":147,"column":42},"end":{"line":147,"column":63}},"101":{"start":{"line":150,"column":33},"end":{"line":150,"column":42}},"102":{"start":{"line":151,"column":40},"end":{"line":151,"column":49}},"103":{"start":{"line":154,"column":16},"end":{"line":169,"column":3}},"104":{"start":{"line":155,"column":18},"end":{"line":155,"column":48}},"105":{"start":{"line":156,"column":22},"end":{"line":156,"column":45}},"106":{"start":{"line":158,"column":4},"end":{"line":168,"column":null}},"107":{"start":{"line":159,"column":6},"end":{"line":159,"column":60}},"108":{"start":{"line":160,"column":6},"end":{"line":160,"column":65}},"109":{"start":{"line":162,"column":6},"end":{"line":162,"column":85}},"110":{"start":{"line":162,"column":30},"end":{"line":162,"column":85}},"111":{"start":{"line":163,"column":6},"end":{"line":163,"column":97}},"112":{"start":{"line":163,"column":37},"end":{"line":163,"column":97}},"113":{"start":{"line":164,"column":6},"end":{"line":164,"column":56}},"114":{"start":{"line":165,"column":6},"end":{"line":165,"column":70}},"115":{"start":{"line":166,"column":6},"end":{"line":166,"column":null}},"116":{"start":{"line":167,"column":6},"end":{"line":167,"column":null}},"117":{"start":{"line":171,"column":2},"end":{"line":178,"column":null}},"118":{"start":{"line":175,"column":6},"end":{"line":175,"column":61}},"119":{"start":{"line":176,"column":6},"end":{"line":176,"column":66}},"120":{"start":{"line":184,"column":29},"end":{"line":184,"column":60}},"121":{"start":{"line":184,"column":59},"end":{"line":196,"column":null}},"122":{"start":{"line":185,"column":4},"end":{"line":185,"column":67}},"123":{"start":{"line":185,"column":60},"end":{"line":185,"column":67}},"124":{"start":{"line":187,"column":4},"end":{"line":187,"column":33}},"125":{"start":{"line":187,"column":26},"end":{"line":187,"column":33}},"126":{"start":{"line":189,"column":4},"end":{"line":195,"column":null}},"127":{"start":{"line":190,"column":6},"end":{"line":190,"column":27}},"128":{"start":{"line":191,"column":20},"end":{"line":191,"column":49}},"129":{"start":{"line":192,"column":6},"end":{"line":192,"column":43}},"130":{"start":{"line":193,"column":6},"end":{"line":193,"column":37}},"131":{"start":{"line":193,"column":18},"end":{"line":193,"column":37}},"132":{"start":{"line":194,"column":6},"end":{"line":194,"column":30}},"133":{"start":{"line":198,"column":31},"end":{"line":198,"column":40}},"134":{"start":{"line":200,"column":16},"end":{"line":214,"column":3}},"135":{"start":{"line":202,"column":20},"end":{"line":202,"column":33}},"136":{"start":{"line":203,"column":22},"end":{"line":203,"column":45}},"137":{"start":{"line":205,"column":4},"end":{"line":213,"column":null}},"138":{"start":{"line":206,"column":6},"end":{"line":206,"column":62}},"139":{"start":{"line":208,"column":6},"end":{"line":210,"column":null}},"140":{"start":{"line":209,"column":8},"end":{"line":209,"column":59}},"141":{"start":{"line":211,"column":6},"end":{"line":211,"column":58}},"142":{"start":{"line":212,"column":6},"end":{"line":212,"column":54}},"143":{"start":{"line":217,"column":2},"end":{"line":223,"column":null}},"144":{"start":{"line":221,"column":6},"end":{"line":221,"column":57}},"145":{"start":{"line":229,"column":32},"end":{"line":229,"column":54}},"146":{"start":{"line":229,"column":53},"end":{"line":237,"column":null}},"147":{"start":{"line":230,"column":4},"end":{"line":230,"column":67}},"148":{"start":{"line":230,"column":60},"end":{"line":230,"column":67}},"149":{"start":{"line":232,"column":4},"end":{"line":232,"column":33}},"150":{"start":{"line":232,"column":26},"end":{"line":232,"column":33}},"151":{"start":{"line":234,"column":4},"end":{"line":236,"column":null}},"152":{"start":{"line":235,"column":6},"end":{"line":235,"column":27}},"153":{"start":{"line":239,"column":34},"end":{"line":239,"column":43}},"154":{"start":{"line":241,"column":16},"end":{"line":255,"column":3}},"155":{"start":{"line":243,"column":20},"end":{"line":243,"column":33}},"156":{"start":{"line":244,"column":22},"end":{"line":244,"column":45}},"157":{"start":{"line":246,"column":4},"end":{"line":254,"column":null}},"158":{"start":{"line":247,"column":6},"end":{"line":247,"column":63}},"159":{"start":{"line":249,"column":6},"end":{"line":251,"column":null}},"160":{"start":{"line":250,"column":8},"end":{"line":250,"column":64}},"161":{"start":{"line":252,"column":6},"end":{"line":252,"column":60}},"162":{"start":{"line":253,"column":6},"end":{"line":253,"column":59}},"163":{"start":{"line":258,"column":2},"end":{"line":264,"column":null}},"164":{"start":{"line":262,"column":6},"end":{"line":262,"column":62}},"165":{"start":{"line":270,"column":24},"end":{"line":270,"column":26}},"166":{"start":{"line":272,"column":2},"end":{"line":272,"column":null}},"167":{"start":{"line":272,"column":33},"end":{"line":272,"column":null}},"168":{"start":{"line":273,"column":2},"end":{"line":273,"column":59}},"169":{"start":{"line":273,"column":35},"end":{"line":273,"column":59}},"170":{"start":{"line":274,"column":2},"end":{"line":274,"column":65}},"171":{"start":{"line":274,"column":40},"end":{"line":274,"column":65}},"172":{"start":{"line":275,"column":2},"end":{"line":275,"column":55}},"173":{"start":{"line":275,"column":35},"end":{"line":275,"column":55}},"174":{"start":{"line":276,"column":2},"end":{"line":279,"column":null}},"175":{"start":{"line":277,"column":20},"end":{"line":277,"column":59}},"176":{"start":{"line":278,"column":4},"end":{"line":278,"column":null}},"177":{"start":{"line":281,"column":2},"end":{"line":281,"column":15}},"178":{"start":{"line":285,"column":2},"end":{"line":285,"column":28}},"179":{"start":{"line":286,"column":2},"end":{"line":290,"column":null}},"180":{"start":{"line":286,"column":48},"end":{"line":289,"column":null}},"181":{"start":{"line":290,"column":7},"end":{"line":290,"column":null}},"182":{"start":{"line":294,"column":16},"end":{"line":294,"column":20}},"183":{"start":{"line":295,"column":2},"end":{"line":300,"column":null}},"184":{"start":{"line":295,"column":18},"end":{"line":295,"column":23}},"185":{"start":{"line":295,"column":14},"end":{"line":295,"column":18}},"186":{"start":{"line":296,"column":4},"end":{"line":296,"column":41}},"187":{"start":{"line":297,"column":4},"end":{"line":299,"column":null}},"188":{"start":{"line":298,"column":6},"end":{"line":298,"column":19}},"189":{"start":{"line":301,"column":2},"end":{"line":301,"column":17}},"190":{"start":{"line":305,"column":0},"end":{"line":320,"column":null}},"191":{"start":{"line":308,"column":4},"end":{"line":308,"column":24}},"192":{"start":{"line":309,"column":4},"end":{"line":309,"column":null}},"193":{"start":{"line":310,"column":4},"end":{"line":310,"column":null}},"194":{"start":{"line":311,"column":4},"end":{"line":311,"column":null}},"195":{"start":{"line":312,"column":4},"end":{"line":312,"column":null}},"196":{"start":{"line":313,"column":4},"end":{"line":313,"column":null}}},"fnMap":{"0":{"name":"useValidateOn","decl":{"start":{"line":6,"column":9},"end":{"line":6,"column":22}},"loc":{"start":{"line":6,"column":22},"end":{"line":74,"column":1}}},"1":{"name":"(anonymous_1)","decl":{"start":{"line":8,"column":28},"end":{"line":8,"column":29}},"loc":{"start":{"line":8,"column":59},"end":{"line":8,"column":65}}},"2":{"name":"(anonymous_2)","decl":{"start":{"line":8,"column":64},"end":{"line":8,"column":65}},"loc":{"start":{"line":8,"column":73},"end":{"line":14,"column":3}}},"3":{"name":"(anonymous_3)","decl":{"start":{"line":12,"column":13},"end":{"line":12,"column":19}},"loc":{"start":{"line":12,"column":13},"end":{"line":12,"column":36}}},"4":{"name":"(anonymous_4)","decl":{"start":{"line":16,"column":30},"end":{"line":16,"column":31}},"loc":{"start":{"line":16,"column":61},"end":{"line":16,"column":67}}},"5":{"name":"(anonymous_5)","decl":{"start":{"line":16,"column":66},"end":{"line":16,"column":67}},"loc":{"start":{"line":16,"column":75},"end":{"line":20,"column":3}}},"6":{"name":"(anonymous_6)","decl":{"start":{"line":19,"column":13},"end":{"line":19,"column":19}},"loc":{"start":{"line":19,"column":13},"end":{"line":19,"column":41}}},"7":{"name":"(anonymous_7)","decl":{"start":{"line":27,"column":16},"end":{"line":27,"column":17}},"loc":{"start":{"line":27,"column":50},"end":{"line":60,"column":3}}},"8":{"name":"(anonymous_8)","decl":{"start":{"line":65,"column":4},"end":{"line":65,"column":10}},"loc":{"start":{"line":65,"column":32},"end":{"line":71,"column":5}}},"9":{"name":"useValidatePrevent","decl":{"start":{"line":76,"column":9},"end":{"line":76,"column":27}},"loc":{"start":{"line":76,"column":27},"end":{"line":127,"column":1}}},"10":{"name":"(anonymous_10)","decl":{"start":{"line":78,"column":33},"end":{"line":78,"column":34}},"loc":{"start":{"line":78,"column":47},"end":{"line":78,"column":53}}},"11":{"name":"(anonymous_11)","decl":{"start":{"line":78,"column":52},"end":{"line":78,"column":53}},"loc":{"start":{"line":78,"column":61},"end":{"line":86,"column":3}}},"12":{"name":"(anonymous_12)","decl":{"start":{"line":88,"column":40},"end":{"line":88,"column":41}},"loc":{"start":{"line":88,"column":54},"end":{"line":88,"column":60}}},"13":{"name":"(anonymous_13)","decl":{"start":{"line":88,"column":59},"end":{"line":88,"column":60}},"loc":{"start":{"line":88,"column":68},"end":{"line":95,"column":3}}},"14":{"name":"(anonymous_14)","decl":{"start":{"line":101,"column":16},"end":{"line":101,"column":17}},"loc":{"start":{"line":101,"column":50},"end":{"line":116,"column":3}}},"15":{"name":"(anonymous_15)","decl":{"start":{"line":121,"column":4},"end":{"line":121,"column":10}},"loc":{"start":{"line":121,"column":18},"end":{"line":124,"column":5}}},"16":{"name":"useValidateAllow","decl":{"start":{"line":129,"column":9},"end":{"line":129,"column":25}},"loc":{"start":{"line":129,"column":25},"end":{"line":180,"column":1}}},"17":{"name":"(anonymous_17)","decl":{"start":{"line":131,"column":31},"end":{"line":131,"column":32}},"loc":{"start":{"line":131,"column":45},"end":{"line":131,"column":51}}},"18":{"name":"(anonymous_18)","decl":{"start":{"line":131,"column":50},"end":{"line":131,"column":51}},"loc":{"start":{"line":131,"column":59},"end":{"line":139,"column":3}}},"19":{"name":"(anonymous_19)","decl":{"start":{"line":141,"column":38},"end":{"line":141,"column":39}},"loc":{"start":{"line":141,"column":52},"end":{"line":141,"column":58}}},"20":{"name":"(anonymous_20)","decl":{"start":{"line":141,"column":57},"end":{"line":141,"column":58}},"loc":{"start":{"line":141,"column":66},"end":{"line":148,"column":3}}},"21":{"name":"(anonymous_21)","decl":{"start":{"line":154,"column":16},"end":{"line":154,"column":17}},"loc":{"start":{"line":154,"column":50},"end":{"line":169,"column":3}}},"22":{"name":"(anonymous_22)","decl":{"start":{"line":174,"column":4},"end":{"line":174,"column":10}},"loc":{"start":{"line":174,"column":18},"end":{"line":177,"column":5}}},"23":{"name":"useValidateMax","decl":{"start":{"line":182,"column":9},"end":{"line":182,"column":23}},"loc":{"start":{"line":182,"column":23},"end":{"line":225,"column":1}}},"24":{"name":"(anonymous_24)","decl":{"start":{"line":184,"column":29},"end":{"line":184,"column":30}},"loc":{"start":{"line":184,"column":54},"end":{"line":184,"column":60}}},"25":{"name":"(anonymous_25)","decl":{"start":{"line":184,"column":59},"end":{"line":184,"column":60}},"loc":{"start":{"line":184,"column":68},"end":{"line":196,"column":3}}},"26":{"name":"(anonymous_26)","decl":{"start":{"line":200,"column":16},"end":{"line":200,"column":17}},"loc":{"start":{"line":200,"column":50},"end":{"line":214,"column":3}}},"27":{"name":"(anonymous_27)","decl":{"start":{"line":220,"column":4},"end":{"line":220,"column":10}},"loc":{"start":{"line":220,"column":32},"end":{"line":222,"column":5}}},"28":{"name":"useValidateLength","decl":{"start":{"line":227,"column":9},"end":{"line":227,"column":26}},"loc":{"start":{"line":227,"column":26},"end":{"line":266,"column":1}}},"29":{"name":"(anonymous_29)","decl":{"start":{"line":229,"column":32},"end":{"line":229,"column":33}},"loc":{"start":{"line":229,"column":48},"end":{"line":229,"column":54}}},"30":{"name":"(anonymous_30)","decl":{"start":{"line":229,"column":53},"end":{"line":229,"column":54}},"loc":{"start":{"line":229,"column":62},"end":{"line":237,"column":3}}},"31":{"name":"(anonymous_31)","decl":{"start":{"line":241,"column":16},"end":{"line":241,"column":17}},"loc":{"start":{"line":241,"column":50},"end":{"line":255,"column":3}}},"32":{"name":"(anonymous_32)","decl":{"start":{"line":261,"column":4},"end":{"line":261,"column":10}},"loc":{"start":{"line":261,"column":32},"end":{"line":263,"column":5}}},"33":{"name":"buildRulesFromBinding","decl":{"start":{"line":268,"column":9},"end":{"line":268,"column":30}},"loc":{"start":{"line":268,"column":43},"end":{"line":282,"column":1}}},"34":{"name":"numericChar","decl":{"start":{"line":284,"column":9},"end":{"line":284,"column":20}},"loc":{"start":{"line":284,"column":31},"end":{"line":291,"column":1}}},"35":{"name":"validateValueChars","decl":{"start":{"line":293,"column":9},"end":{"line":293,"column":27}},"loc":{"start":{"line":293,"column":56},"end":{"line":302,"column":1}}},"36":{"name":"(anonymous_36)","decl":{"start":{"line":307,"column":2},"end":{"line":307,"column":9}},"loc":{"start":{"line":307,"column":18},"end":{"line":314,"column":3}}}},"branchMap":{"0":{"loc":{"start":{"line":9,"column":4},"end":{"line":9,"column":58}},"type":"if","locations":[{"start":{"line":9,"column":4},"end":{"line":9,"column":58}},{"start":{"line":9,"column":4},"end":{"line":9,"column":58}}]},"1":{"loc":{"start":{"line":9,"column":7},"end":{"line":9,"column":10}},"type":"binary-expr","locations":[{"start":{"line":9,"column":7},"end":{"line":9,"column":10}},{"start":{"line":9,"column":14},"end":{"line":9,"column":34}}]},"2":{"loc":{"start":{"line":11,"column":58},"end":{"line":11,"column":62}},"type":"cond-expr","locations":[{"start":{"line":11,"column":58},"end":{"line":11,"column":62}},{"start":{"line":11,"column":65},"end":{"line":11,"column":68}}]},"3":{"loc":{"start":{"line":11,"column":21},"end":{"line":11,"column":30}},"type":"binary-expr","locations":[{"start":{"line":11,"column":21},"end":{"line":11,"column":30}},{"start":{"line":11,"column":34},"end":{"line":11,"column":36}}]},"4":{"loc":{"start":{"line":17,"column":4},"end":{"line":17,"column":58}},"type":"if","locations":[{"start":{"line":17,"column":4},"end":{"line":17,"column":58}},{"start":{"line":17,"column":4},"end":{"line":17,"column":58}}]},"5":{"loc":{"start":{"line":17,"column":7},"end":{"line":17,"column":10}},"type":"binary-expr","locations":[{"start":{"line":17,"column":7},"end":{"line":17,"column":10}},{"start":{"line":17,"column":14},"end":{"line":17,"column":34}}]},"6":{"loc":{"start":{"line":18,"column":58},"end":{"line":18,"column":61}},"type":"cond-expr","locations":[{"start":{"line":18,"column":58},"end":{"line":18,"column":61}},{"start":{"line":18,"column":64},"end":{"line":18,"column":67}}]},"7":{"loc":{"start":{"line":18,"column":21},"end":{"line":18,"column":30}},"type":"binary-expr","locations":[{"start":{"line":18,"column":21},"end":{"line":18,"column":30}},{"start":{"line":18,"column":34},"end":{"line":18,"column":36}}]},"8":{"loc":{"start":{"line":28,"column":31},"end":{"line":28,"column":48}},"type":"binary-expr","locations":[{"start":{"line":28,"column":31},"end":{"line":28,"column":48}},{"start":{"line":28,"column":52},"end":{"line":28,"column":54}}]},"9":{"loc":{"start":{"line":29,"column":22},"end":{"line":29,"column":33}},"type":"binary-expr","locations":[{"start":{"line":29,"column":22},"end":{"line":29,"column":33}},{"start":{"line":29,"column":37},"end":{"line":29,"column":43}}]},"10":{"loc":{"start":{"line":32,"column":17},"end":{"line":32,"column":30}},"type":"binary-expr","locations":[{"start":{"line":32,"column":17},"end":{"line":32,"column":30}},{"start":{"line":32,"column":34},"end":{"line":32,"column":66}}]},"11":{"loc":{"start":{"line":34,"column":4},"end":{"line":36,"column":null}},"type":"if","locations":[{"start":{"line":34,"column":4},"end":{"line":36,"column":null}},{"start":{"line":34,"column":4},"end":{"line":36,"column":null}}]},"12":{"loc":{"start":{"line":39,"column":4},"end":{"line":47,"column":null}},"type":"if","locations":[{"start":{"line":39,"column":4},"end":{"line":47,"column":null}},{"start":{"line":39,"column":4},"end":{"line":47,"column":null}}]},"13":{"loc":{"start":{"line":42,"column":6},"end":{"line":44,"column":null}},"type":"if","locations":[{"start":{"line":42,"column":6},"end":{"line":44,"column":null}},{"start":{"line":42,"column":6},"end":{"line":44,"column":null}}]},"14":{"loc":{"start":{"line":49,"column":4},"end":{"line":59,"column":null}},"type":"if","locations":[{"start":{"line":49,"column":4},"end":{"line":59,"column":null}},{"start":{"line":49,"column":4},"end":{"line":59,"column":null}}]},"15":{"loc":{"start":{"line":50,"column":6},"end":{"line":58,"column":null}},"type":"if","locations":[{"start":{"line":50,"column":6},"end":{"line":58,"column":null}},{"start":{"line":50,"column":6},"end":{"line":58,"column":null}}]},"16":{"loc":{"start":{"line":53,"column":8},"end":{"line":55,"column":null}},"type":"if","locations":[{"start":{"line":53,"column":8},"end":{"line":55,"column":null}},{"start":{"line":53,"column":8},"end":{"line":55,"column":null}}]},"17":{"loc":{"start":{"line":68,"column":6},"end":{"line":70,"column":null}},"type":"if","locations":[{"start":{"line":68,"column":6},"end":{"line":70,"column":null}},{"start":{"line":68,"column":6},"end":{"line":70,"column":null}}]},"18":{"loc":{"start":{"line":79,"column":4},"end":{"line":79,"column":67}},"type":"if","locations":[{"start":{"line":79,"column":4},"end":{"line":79,"column":67}},{"start":{"line":79,"column":4},"end":{"line":79,"column":67}}]},"19":{"loc":{"start":{"line":79,"column":7},"end":{"line":79,"column":24}},"type":"binary-expr","locations":[{"start":{"line":79,"column":7},"end":{"line":79,"column":24}},{"start":{"line":79,"column":28},"end":{"line":79,"column":58}}]},"20":{"loc":{"start":{"line":81,"column":4},"end":{"line":81,"column":33}},"type":"if","locations":[{"start":{"line":81,"column":4},"end":{"line":81,"column":33}},{"start":{"line":81,"column":4},"end":{"line":81,"column":33}}]},"21":{"loc":{"start":{"line":83,"column":19},"end":{"line":83,"column":26}},"type":"binary-expr","locations":[{"start":{"line":83,"column":19},"end":{"line":83,"column":26}},{"start":{"line":83,"column":30},"end":{"line":83,"column":32}}]},"22":{"loc":{"start":{"line":85,"column":4},"end":{"line":85,"column":58}},"type":"if","locations":[{"start":{"line":85,"column":4},"end":{"line":85,"column":58}},{"start":{"line":85,"column":4},"end":{"line":85,"column":58}}]},"23":{"loc":{"start":{"line":85,"column":7},"end":{"line":85,"column":24}},"type":"binary-expr","locations":[{"start":{"line":85,"column":7},"end":{"line":85,"column":24}},{"start":{"line":85,"column":28},"end":{"line":85,"column":35}}]},"24":{"loc":{"start":{"line":89,"column":4},"end":{"line":89,"column":67}},"type":"if","locations":[{"start":{"line":89,"column":4},"end":{"line":89,"column":67}},{"start":{"line":89,"column":4},"end":{"line":89,"column":67}}]},"25":{"loc":{"start":{"line":89,"column":7},"end":{"line":89,"column":24}},"type":"binary-expr","locations":[{"start":{"line":89,"column":7},"end":{"line":89,"column":24}},{"start":{"line":89,"column":28},"end":{"line":89,"column":58}}]},"26":{"loc":{"start":{"line":92,"column":19},"end":{"line":92,"column":36}},"type":"binary-expr","locations":[{"start":{"line":92,"column":19},"end":{"line":92,"column":36}},{"start":{"line":92,"column":40},"end":{"line":92,"column":60}}]},"27":{"loc":{"start":{"line":94,"column":4},"end":{"line":94,"column":58}},"type":"if","locations":[{"start":{"line":94,"column":4},"end":{"line":94,"column":58}},{"start":{"line":94,"column":4},"end":{"line":94,"column":58}}]},"28":{"loc":{"start":{"line":94,"column":7},"end":{"line":94,"column":24}},"type":"binary-expr","locations":[{"start":{"line":94,"column":7},"end":{"line":94,"column":24}},{"start":{"line":94,"column":28},"end":{"line":94,"column":35}}]},"29":{"loc":{"start":{"line":105,"column":4},"end":{"line":115,"column":null}},"type":"if","locations":[{"start":{"line":105,"column":4},"end":{"line":115,"column":null}},{"start":{"line":105,"column":4},"end":{"line":115,"column":null}}]},"30":{"loc":{"start":{"line":109,"column":6},"end":{"line":109,"column":89}},"type":"if","locations":[{"start":{"line":109,"column":6},"end":{"line":109,"column":89}},{"start":{"line":109,"column":6},"end":{"line":109,"column":89}}]},"31":{"loc":{"start":{"line":110,"column":6},"end":{"line":110,"column":101}},"type":"if","locations":[{"start":{"line":110,"column":6},"end":{"line":110,"column":101}},{"start":{"line":110,"column":6},"end":{"line":110,"column":101}}]},"32":{"loc":{"start":{"line":132,"column":4},"end":{"line":132,"column":67}},"type":"if","locations":[{"start":{"line":132,"column":4},"end":{"line":132,"column":67}},{"start":{"line":132,"column":4},"end":{"line":132,"column":67}}]},"33":{"loc":{"start":{"line":132,"column":7},"end":{"line":132,"column":24}},"type":"binary-expr","locations":[{"start":{"line":132,"column":7},"end":{"line":132,"column":24}},{"start":{"line":132,"column":28},"end":{"line":132,"column":58}}]},"34":{"loc":{"start":{"line":134,"column":4},"end":{"line":134,"column":33}},"type":"if","locations":[{"start":{"line":134,"column":4},"end":{"line":134,"column":33}},{"start":{"line":134,"column":4},"end":{"line":134,"column":33}}]},"35":{"loc":{"start":{"line":136,"column":19},"end":{"line":136,"column":26}},"type":"binary-expr","locations":[{"start":{"line":136,"column":19},"end":{"line":136,"column":26}},{"start":{"line":136,"column":30},"end":{"line":136,"column":32}}]},"36":{"loc":{"start":{"line":138,"column":4},"end":{"line":138,"column":61}},"type":"if","locations":[{"start":{"line":138,"column":4},"end":{"line":138,"column":61}},{"start":{"line":138,"column":4},"end":{"line":138,"column":61}}]},"37":{"loc":{"start":{"line":138,"column":7},"end":{"line":138,"column":24}},"type":"binary-expr","locations":[{"start":{"line":138,"column":7},"end":{"line":138,"column":24}},{"start":{"line":138,"column":28},"end":{"line":138,"column":38}}]},"38":{"loc":{"start":{"line":142,"column":4},"end":{"line":142,"column":67}},"type":"if","locations":[{"start":{"line":142,"column":4},"end":{"line":142,"column":67}},{"start":{"line":142,"column":4},"end":{"line":142,"column":67}}]},"39":{"loc":{"start":{"line":142,"column":7},"end":{"line":142,"column":24}},"type":"binary-expr","locations":[{"start":{"line":142,"column":7},"end":{"line":142,"column":24}},{"start":{"line":142,"column":28},"end":{"line":142,"column":58}}]},"40":{"loc":{"start":{"line":145,"column":21},"end":{"line":145,"column":38}},"type":"binary-expr","locations":[{"start":{"line":145,"column":21},"end":{"line":145,"column":38}},{"start":{"line":145,"column":42},"end":{"line":145,"column":62}}]},"41":{"loc":{"start":{"line":147,"column":6},"end":{"line":147,"column":63}},"type":"if","locations":[{"start":{"line":147,"column":6},"end":{"line":147,"column":63}},{"start":{"line":147,"column":6},"end":{"line":147,"column":63}}]},"42":{"loc":{"start":{"line":147,"column":9},"end":{"line":147,"column":26}},"type":"binary-expr","locations":[{"start":{"line":147,"column":9},"end":{"line":147,"column":26}},{"start":{"line":147,"column":30},"end":{"line":147,"column":40}}]},"43":{"loc":{"start":{"line":158,"column":4},"end":{"line":168,"column":null}},"type":"if","locations":[{"start":{"line":158,"column":4},"end":{"line":168,"column":null}},{"start":{"line":158,"column":4},"end":{"line":168,"column":null}}]},"44":{"loc":{"start":{"line":162,"column":6},"end":{"line":162,"column":85}},"type":"if","locations":[{"start":{"line":162,"column":6},"end":{"line":162,"column":85}},{"start":{"line":162,"column":6},"end":{"line":162,"column":85}}]},"45":{"loc":{"start":{"line":163,"column":6},"end":{"line":163,"column":97}},"type":"if","locations":[{"start":{"line":163,"column":6},"end":{"line":163,"column":97}},{"start":{"line":163,"column":6},"end":{"line":163,"column":97}}]},"46":{"loc":{"start":{"line":185,"column":4},"end":{"line":185,"column":67}},"type":"if","locations":[{"start":{"line":185,"column":4},"end":{"line":185,"column":67}},{"start":{"line":185,"column":4},"end":{"line":185,"column":67}}]},"47":{"loc":{"start":{"line":185,"column":7},"end":{"line":185,"column":24}},"type":"binary-expr","locations":[{"start":{"line":185,"column":7},"end":{"line":185,"column":24}},{"start":{"line":185,"column":28},"end":{"line":185,"column":58}}]},"48":{"loc":{"start":{"line":187,"column":4},"end":{"line":187,"column":33}},"type":"if","locations":[{"start":{"line":187,"column":4},"end":{"line":187,"column":33}},{"start":{"line":187,"column":4},"end":{"line":187,"column":33}}]},"49":{"loc":{"start":{"line":189,"column":4},"end":{"line":195,"column":null}},"type":"if","locations":[{"start":{"line":189,"column":4},"end":{"line":195,"column":null}},{"start":{"line":189,"column":4},"end":{"line":195,"column":null}}]},"50":{"loc":{"start":{"line":193,"column":6},"end":{"line":193,"column":37}},"type":"if","locations":[{"start":{"line":193,"column":6},"end":{"line":193,"column":37}},{"start":{"line":193,"column":6},"end":{"line":193,"column":37}}]},"51":{"loc":{"start":{"line":205,"column":4},"end":{"line":213,"column":null}},"type":"if","locations":[{"start":{"line":205,"column":4},"end":{"line":213,"column":null}},{"start":{"line":205,"column":4},"end":{"line":213,"column":null}}]},"52":{"loc":{"start":{"line":208,"column":6},"end":{"line":210,"column":null}},"type":"if","locations":[{"start":{"line":208,"column":6},"end":{"line":210,"column":null}},{"start":{"line":208,"column":6},"end":{"line":210,"column":null}}]},"53":{"loc":{"start":{"line":230,"column":4},"end":{"line":230,"column":67}},"type":"if","locations":[{"start":{"line":230,"column":4},"end":{"line":230,"column":67}},{"start":{"line":230,"column":4},"end":{"line":230,"column":67}}]},"54":{"loc":{"start":{"line":230,"column":7},"end":{"line":230,"column":24}},"type":"binary-expr","locations":[{"start":{"line":230,"column":7},"end":{"line":230,"column":24}},{"start":{"line":230,"column":28},"end":{"line":230,"column":58}}]},"55":{"loc":{"start":{"line":232,"column":4},"end":{"line":232,"column":33}},"type":"if","locations":[{"start":{"line":232,"column":4},"end":{"line":232,"column":33}},{"start":{"line":232,"column":4},"end":{"line":232,"column":33}}]},"56":{"loc":{"start":{"line":234,"column":4},"end":{"line":236,"column":null}},"type":"if","locations":[{"start":{"line":234,"column":4},"end":{"line":236,"column":null}},{"start":{"line":234,"column":4},"end":{"line":236,"column":null}}]},"57":{"loc":{"start":{"line":246,"column":4},"end":{"line":254,"column":null}},"type":"if","locations":[{"start":{"line":246,"column":4},"end":{"line":254,"column":null}},{"start":{"line":246,"column":4},"end":{"line":254,"column":null}}]},"58":{"loc":{"start":{"line":249,"column":6},"end":{"line":251,"column":null}},"type":"if","locations":[{"start":{"line":249,"column":6},"end":{"line":251,"column":null}},{"start":{"line":249,"column":6},"end":{"line":251,"column":null}}]},"59":{"loc":{"start":{"line":272,"column":2},"end":{"line":272,"column":null}},"type":"if","locations":[{"start":{"line":272,"column":2},"end":{"line":272,"column":null}},{"start":{"line":272,"column":2},"end":{"line":272,"column":null}}]},"60":{"loc":{"start":{"line":273,"column":2},"end":{"line":273,"column":59}},"type":"if","locations":[{"start":{"line":273,"column":2},"end":{"line":273,"column":59}},{"start":{"line":273,"column":2},"end":{"line":273,"column":59}}]},"61":{"loc":{"start":{"line":274,"column":2},"end":{"line":274,"column":65}},"type":"if","locations":[{"start":{"line":274,"column":2},"end":{"line":274,"column":65}},{"start":{"line":274,"column":2},"end":{"line":274,"column":65}}]},"62":{"loc":{"start":{"line":275,"column":2},"end":{"line":275,"column":55}},"type":"if","locations":[{"start":{"line":275,"column":2},"end":{"line":275,"column":55}},{"start":{"line":275,"column":2},"end":{"line":275,"column":55}}]},"63":{"loc":{"start":{"line":276,"column":2},"end":{"line":279,"column":null}},"type":"if","locations":[{"start":{"line":276,"column":2},"end":{"line":279,"column":null}},{"start":{"line":276,"column":2},"end":{"line":279,"column":null}}]},"64":{"loc":{"start":{"line":277,"column":20},"end":{"line":277,"column":42}},"type":"binary-expr","locations":[{"start":{"line":277,"column":20},"end":{"line":277,"column":42}},{"start":{"line":277,"column":46},"end":{"line":277,"column":59}}]},"65":{"loc":{"start":{"line":286,"column":2},"end":{"line":290,"column":null}},"type":"if","locations":[{"start":{"line":286,"column":2},"end":{"line":290,"column":null}},{"start":{"line":286,"column":2},"end":{"line":290,"column":null}}]},"66":{"loc":{"start":{"line":286,"column":6},"end":{"line":286,"column":19}},"type":"binary-expr","locations":[{"start":{"line":286,"column":6},"end":{"line":286,"column":19}},{"start":{"line":286,"column":24},"end":{"line":286,"column":46}}]},"67":{"loc":{"start":{"line":297,"column":4},"end":{"line":299,"column":null}},"type":"if","locations":[{"start":{"line":297,"column":4},"end":{"line":299,"column":null}},{"start":{"line":297,"column":4},"end":{"line":299,"column":null}}]}},"s":{"0":1,"1":1,"2":1,"3":0,"4":0,"5":0,"6":0,"7":0,"8":0,"9":0,"10":0,"11":0,"12":0,"13":0,"14":0,"15":0,"16":0,"17":0,"18":0,"19":0,"20":0,"21":0,"22":0,"23":0,"24":0,"25":0,"26":0,"27":0,"28":0,"29":0,"30":0,"31":0,"32":0,"33":0,"34":0,"35":0,"36":0,"37":0,"38":0,"39":0,"40":0,"41":0,"42":0,"43":0,"44":0,"45":0,"46":0,"47":0,"48":0,"49":0,"50":0,"51":0,"52":0,"53":0,"54":0,"55":0,"56":0,"57":0,"58":0,"59":0,"60":0,"61":0,"62":0,"63":0,"64":0,"65":0,"66":0,"67":0,"68":0,"69":0,"70":0,"71":0,"72":0,"73":0,"74":0,"75":0,"76":0,"77":0,"78":0,"79":0,"80":0,"81":0,"82":0,"83":0,"84":0,"85":0,"86":0,"87":0,"88":0,"89":0,"90":0,"91":0,"92":0,"93":0,"94":0,"95":0,"96":0,"97":0,"98":0,"99":0,"100":0,"101":0,"102":0,"103":0,"104":0,"105":0,"106":0,"107":0,"108":0,"109":0,"110":0,"111":0,"112":0,"113":0,"114":0,"115":0,"116":0,"117":0,"118":0,"119":0,"120":0,"121":0,"122":0,"123":0,"124":0,"125":0,"126":0,"127":0,"128":0,"129":0,"130":0,"131":0,"132":0,"133":0,"134":0,"135":0,"136":0,"137":0,"138":0,"139":0,"140":0,"141":0,"142":0,"143":0,"144":0,"145":0,"146":0,"147":0,"148":0,"149":0,"150":0,"151":0,"152":0,"153":0,"154":0,"155":0,"156":0,"157":0,"158":0,"159":0,"160":0,"161":0,"162":0,"163":0,"164":0,"165":0,"166":0,"167":0,"168":0,"169":0,"170":0,"171":0,"172":0,"173":0,"174":0,"175":0,"176":0,"177":0,"178":0,"179":0,"180":0,"181":0,"182":0,"183":0,"184":0,"185":0,"186":0,"187":0,"188":0,"189":0,"190":1,"191":0,"192":0,"193":0,"194":0,"195":0,"196":0},"f":{"0":0,"1":0,"2":0,"3":0,"4":0,"5":0,"6":0,"7":0,"8":0,"9":0,"10":0,"11":0,"12":0,"13":0,"14":0,"15":0,"16":0,"17":0,"18":0,"19":0,"20":0,"21":0,"22":0,"23":0,"24":0,"25":0,"26":0,"27":0,"28":0,"29":0,"30":0,"31":0,"32":0,"33":0,"34":0,"35":0,"36":0},"b":{"0":[0,0],"1":[0,0],"2":[0,0],"3":[0,0],"4":[0,0],"5":[0,0],"6":[0,0],"7":[0,0],"8":[0,0],"9":[0,0],"10":[0,0],"11":[0,0],"12":[0,0],"13":[0,0],"14":[0,0],"15":[0,0],"16":[0,0],"17":[0,0],"18":[0,0],"19":[0,0],"20":[0,0],"21":[0,0],"22":[0,0],"23":[0,0],"24":[0,0],"25":[0,0],"26":[0,0],"27":[0,0],"28":[0,0],"29":[0,0],"30":[0,0],"31":[0,0],"32":[0,0],"33":[0,0],"34":[0,0],"35":[0,0],"36":[0,0],"37":[0,0],"38":[0,0],"39":[0,0],"40":[0,0],"41":[0,0],"42":[0,0],"43":[0,0],"44":[0,0],"45":[0,0],"46":[0,0],"47":[0,0],"48":[0,0],"49":[0,0],"50":[0,0],"51":[0,0],"52":[0,0],"53":[0,0],"54":[0,0],"55":[0,0],"56":[0,0],"57":[0,0],"58":[0,0],"59":[0,0],"60":[0,0],"61":[0,0],"62":[0,0],"63":[0,0],"64":[0,0],"65":[0,0],"66":[0,0],"67":[0,0]}}
,"/Users/michaelolof/Desktop/michaelolof.O/Projects/npm-projects/vue-state-validator/src/utils.ts": {"path":"/Users/michaelolof/Desktop/michaelolof.O/Projects/npm-projects/vue-state-validator/src/utils.ts","statementMap":{"0":{"start":{"line":2,"column":15},"end":{"line":2,"column":26}},"1":{"start":{"line":4,"column":2},"end":{"line":10,"column":null}},"2":{"start":{"line":1,"column":0},"end":{"line":1,"column":16}},"3":{"start":{"line":15,"column":2},"end":{"line":20,"column":null}},"4":{"start":{"line":16,"column":4},"end":{"line":16,"column":42}},"5":{"start":{"line":19,"column":4},"end":{"line":19,"column":26}},"6":{"start":{"line":14,"column":0},"end":{"line":14,"column":16}},"7":{"start":{"line":26,"column":2},"end":{"line":26,"column":44}},"8":{"start":{"line":26,"column":38},"end":{"line":26,"column":44}},"9":{"start":{"line":28,"column":2},"end":{"line":33,"column":null}},"10":{"start":{"line":29,"column":4},"end":{"line":29,"column":38}},"11":{"start":{"line":32,"column":4},"end":{"line":32,"column":25}},"12":{"start":{"line":24,"column":0},"end":{"line":24,"column":16}},"13":{"start":{"line":38,"column":2},"end":{"line":45,"column":null}},"14":{"start":{"line":39,"column":18},"end":{"line":39,"column":53}},"15":{"start":{"line":40,"column":20},"end":{"line":40,"column":71}},"16":{"start":{"line":41,"column":4},"end":{"line":41,"column":38}},"17":{"start":{"line":44,"column":4},"end":{"line":44,"column":21}},"18":{"start":{"line":37,"column":0},"end":{"line":37,"column":16}},"19":{"start":{"line":50,"column":2},"end":{"line":50,"column":null}},"20":{"start":{"line":49,"column":0},"end":{"line":49,"column":16}},"21":{"start":{"line":55,"column":2},"end":{"line":55,"column":53}},"22":{"start":{"line":55,"column":40},"end":{"line":55,"column":53}},"23":{"start":{"line":56,"column":16},"end":{"line":56,"column":58}},"24":{"start":{"line":57,"column":2},"end":{"line":57,"column":74}},"25":{"start":{"line":54,"column":0},"end":{"line":54,"column":16}},"26":{"start":{"line":64,"column":14},"end":{"line":64,"column":51}},"27":{"start":{"line":67,"column":1},"end":{"line":67,"column":66}},"28":{"start":{"line":67,"column":53},"end":{"line":67,"column":66}},"29":{"start":{"line":70,"column":1},"end":{"line":72,"column":null}},"30":{"start":{"line":71,"column":4},"end":{"line":71,"column":27}},"31":{"start":{"line":75,"column":18},"end":{"line":75,"column":86}},"32":{"start":{"line":76,"column":18},"end":{"line":76,"column":86}},"33":{"start":{"line":77,"column":1},"end":{"line":77,"column":41}},"34":{"start":{"line":77,"column":28},"end":{"line":77,"column":41}},"35":{"start":{"line":80,"column":17},"end":{"line":105,"column":2}},"36":{"start":{"line":83,"column":19},"end":{"line":83,"column":56}},"37":{"start":{"line":86,"column":2},"end":{"line":104,"column":null}},"38":{"start":{"line":87,"column":3},"end":{"line":87,"column":44}},"39":{"start":{"line":87,"column":31},"end":{"line":87,"column":44}},"40":{"start":{"line":94,"column":3},"end":{"line":94,"column":72}},"41":{"start":{"line":94,"column":59},"end":{"line":94,"column":72}},"42":{"start":{"line":98,"column":3},"end":{"line":102,"column":null}},"43":{"start":{"line":99,"column":4},"end":{"line":99,"column":60}},"44":{"start":{"line":99,"column":47},"end":{"line":99,"column":60}},"45":{"start":{"line":101,"column":4},"end":{"line":101,"column":38}},"46":{"start":{"line":101,"column":25},"end":{"line":101,"column":38}},"47":{"start":{"line":108,"column":1},"end":{"line":118,"column":null}},"48":{"start":{"line":109,"column":2},"end":{"line":111,"column":null}},"49":{"start":{"line":109,"column":15},"end":{"line":109,"column":16}},"50":{"start":{"line":110,"column":3},"end":{"line":110,"column":59}},"51":{"start":{"line":110,"column":46},"end":{"line":110,"column":59}},"52":{"start":{"line":113,"column":2},"end":{"line":117,"column":null}},"53":{"start":{"line":114,"column":3},"end":{"line":116,"column":null}},"54":{"start":{"line":115,"column":4},"end":{"line":115,"column":64}},"55":{"start":{"line":115,"column":51},"end":{"line":115,"column":64}},"56":{"start":{"line":121,"column":1},"end":{"line":121,"column":13}},"57":{"start":{"line":61,"column":0},"end":{"line":61,"column":16}},"58":{"start":{"line":125,"column":63},"end":{"line":125,"column":null}},"59":{"start":{"line":127,"column":1},"end":{"line":127,"column":null}},"60":{"start":{"line":128,"column":1},"end":{"line":128,"column":null}},"61":{"start":{"line":125,"column":0},"end":{"line":125,"column":16}},"62":{"start":{"line":132,"column":13},"end":{"line":135,"column":null}}},"fnMap":{"0":{"name":"isControlKey","decl":{"start":{"line":1,"column":16},"end":{"line":1,"column":28}},"loc":{"start":{"line":1,"column":37},"end":{"line":12,"column":1}}},"1":{"name":"set","decl":{"start":{"line":14,"column":16},"end":{"line":14,"column":19}},"loc":{"start":{"line":14,"column":56},"end":{"line":21,"column":1}}},"2":{"name":"unset","decl":{"start":{"line":24,"column":16},"end":{"line":24,"column":21}},"loc":{"start":{"line":24,"column":46},"end":{"line":34,"column":1}}},"3":{"name":"toRegex","decl":{"start":{"line":37,"column":16},"end":{"line":37,"column":23}},"loc":{"start":{"line":37,"column":32},"end":{"line":46,"column":1}}},"4":{"name":"objectIsEmpty","decl":{"start":{"line":49,"column":16},"end":{"line":49,"column":29}},"loc":{"start":{"line":49,"column":38},"end":{"line":51,"column":1}}},"5":{"name":"objectHasProperty","decl":{"start":{"line":54,"column":16},"end":{"line":54,"column":33}},"loc":{"start":{"line":54,"column":56},"end":{"line":58,"column":1}}},"6":{"name":"isEqual","decl":{"start":{"line":61,"column":16},"end":{"line":61,"column":23}},"loc":{"start":{"line":61,"column":46},"end":{"line":123,"column":1}}},"7":{"name":"(anonymous_7)","decl":{"start":{"line":80,"column":17},"end":{"line":80,"column":27}},"loc":{"start":{"line":80,"column":49},"end":{"line":105,"column":2}}},"8":{"name":"debounce","decl":{"start":{"line":125,"column":16},"end":{"line":125,"column":24}},"loc":{"start":{"line":125,"column":92},"end":{"line":129,"column":1}}}},"branchMap":{"0":{"loc":{"start":{"line":5,"column":5},"end":{"line":5,"column":15}},"type":"binary-expr","locations":[{"start":{"line":5,"column":5},"end":{"line":5,"column":15}},{"start":{"line":6,"column":5},"end":{"line":6,"column":15}},{"start":{"line":7,"column":5},"end":{"line":7,"column":15}},{"start":{"line":7,"column":19},"end":{"line":7,"column":29}},{"start":{"line":8,"column":5},"end":{"line":8,"column":15}},{"start":{"line":8,"column":19},"end":{"line":8,"column":29}},{"start":{"line":9,"column":5},"end":{"line":9,"column":16}},{"start":{"line":9,"column":20},"end":{"line":9,"column":30}},{"start":{"line":9,"column":34},"end":{"line":9,"column":45}}]},"1":{"loc":{"start":{"line":15,"column":2},"end":{"line":20,"column":null}},"type":"if","locations":[{"start":{"line":15,"column":2},"end":{"line":20,"column":null}},{"start":{"line":15,"column":2},"end":{"line":20,"column":null}}]},"2":{"loc":{"start":{"line":26,"column":2},"end":{"line":26,"column":44}},"type":"if","locations":[{"start":{"line":26,"column":2},"end":{"line":26,"column":44}},{"start":{"line":26,"column":2},"end":{"line":26,"column":44}}]},"3":{"loc":{"start":{"line":28,"column":2},"end":{"line":33,"column":null}},"type":"if","locations":[{"start":{"line":28,"column":2},"end":{"line":33,"column":null}},{"start":{"line":28,"column":2},"end":{"line":33,"column":null}}]},"4":{"loc":{"start":{"line":50,"column":10},"end":{"line":50,"column":39}},"type":"binary-expr","locations":[{"start":{"line":50,"column":10},"end":{"line":50,"column":39}},{"start":{"line":50,"column":43},"end":{"line":50,"column":69}}]},"5":{"loc":{"start":{"line":55,"column":2},"end":{"line":55,"column":53}},"type":"if","locations":[{"start":{"line":55,"column":2},"end":{"line":55,"column":53}},{"start":{"line":55,"column":2},"end":{"line":55,"column":53}}]},"6":{"loc":{"start":{"line":55,"column":5},"end":{"line":55,"column":22}},"type":"binary-expr","locations":[{"start":{"line":55,"column":5},"end":{"line":55,"column":22}},{"start":{"line":55,"column":26},"end":{"line":55,"column":38}}]},"7":{"loc":{"start":{"line":56,"column":16},"end":{"line":56,"column":29}},"type":"binary-expr","locations":[{"start":{"line":56,"column":16},"end":{"line":56,"column":29}},{"start":{"line":56,"column":33},"end":{"line":56,"column":58}}]},"8":{"loc":{"start":{"line":57,"column":10},"end":{"line":57,"column":21}},"type":"binary-expr","locations":[{"start":{"line":57,"column":10},"end":{"line":57,"column":21}},{"start":{"line":57,"column":27},"end":{"line":57,"column":43}},{"start":{"line":57,"column":47},"end":{"line":57,"column":72}}]},"9":{"loc":{"start":{"line":67,"column":1},"end":{"line":67,"column":66}},"type":"if","locations":[{"start":{"line":67,"column":1},"end":{"line":67,"column":66}},{"start":{"line":67,"column":1},"end":{"line":67,"column":66}}]},"10":{"loc":{"start":{"line":70,"column":1},"end":{"line":72,"column":null}},"type":"if","locations":[{"start":{"line":70,"column":1},"end":{"line":72,"column":null}},{"start":{"line":70,"column":1},"end":{"line":72,"column":null}}]},"11":{"loc":{"start":{"line":75,"column":46},"end":{"line":75,"column":58}},"type":"cond-expr","locations":[{"start":{"line":75,"column":46},"end":{"line":75,"column":58}},{"start":{"line":75,"column":61},"end":{"line":75,"column":86}}]},"12":{"loc":{"start":{"line":76,"column":46},"end":{"line":76,"column":58}},"type":"cond-expr","locations":[{"start":{"line":76,"column":46},"end":{"line":76,"column":58}},{"start":{"line":76,"column":61},"end":{"line":76,"column":86}}]},"13":{"loc":{"start":{"line":77,"column":1},"end":{"line":77,"column":41}},"type":"if","locations":[{"start":{"line":77,"column":1},"end":{"line":77,"column":41}},{"start":{"line":77,"column":1},"end":{"line":77,"column":41}}]},"14":{"loc":{"start":{"line":86,"column":2},"end":{"line":104,"column":null}},"type":"if","locations":[{"start":{"line":86,"column":2},"end":{"line":104,"column":null}},{"start":{"line":86,"column":2},"end":{"line":104,"column":null}}]},"15":{"loc":{"start":{"line":87,"column":3},"end":{"line":87,"column":44}},"type":"if","locations":[{"start":{"line":87,"column":3},"end":{"line":87,"column":44}},{"start":{"line":87,"column":3},"end":{"line":87,"column":44}}]},"16":{"loc":{"start":{"line":94,"column":3},"end":{"line":94,"column":72}},"type":"if","locations":[{"start":{"line":94,"column":3},"end":{"line":94,"column":72}},{"start":{"line":94,"column":3},"end":{"line":94,"column":72}}]},"17":{"loc":{"start":{"line":98,"column":3},"end":{"line":102,"column":null}},"type":"if","locations":[{"start":{"line":98,"column":3},"end":{"line":102,"column":null}},{"start":{"line":98,"column":3},"end":{"line":102,"column":null}}]},"18":{"loc":{"start":{"line":99,"column":4},"end":{"line":99,"column":60}},"type":"if","locations":[{"start":{"line":99,"column":4},"end":{"line":99,"column":60}},{"start":{"line":99,"column":4},"end":{"line":99,"column":60}}]},"19":{"loc":{"start":{"line":101,"column":4},"end":{"line":101,"column":38}},"type":"if","locations":[{"start":{"line":101,"column":4},"end":{"line":101,"column":38}},{"start":{"line":101,"column":4},"end":{"line":101,"column":38}}]},"20":{"loc":{"start":{"line":108,"column":1},"end":{"line":118,"column":null}},"type":"if","locations":[{"start":{"line":108,"column":1},"end":{"line":118,"column":null}},{"start":{"line":108,"column":1},"end":{"line":118,"column":null}}]},"21":{"loc":{"start":{"line":110,"column":3},"end":{"line":110,"column":59}},"type":"if","locations":[{"start":{"line":110,"column":3},"end":{"line":110,"column":59}},{"start":{"line":110,"column":3},"end":{"line":110,"column":59}}]},"22":{"loc":{"start":{"line":114,"column":3},"end":{"line":116,"column":null}},"type":"if","locations":[{"start":{"line":114,"column":3},"end":{"line":116,"column":null}},{"start":{"line":114,"column":3},"end":{"line":116,"column":null}}]},"23":{"loc":{"start":{"line":115,"column":4},"end":{"line":115,"column":64}},"type":"if","locations":[{"start":{"line":115,"column":4},"end":{"line":115,"column":64}},{"start":{"line":115,"column":4},"end":{"line":115,"column":64}}]},"24":{"loc":{"start":{"line":125,"column":63},"end":{"line":125,"column":null}},"type":"if","locations":[{"start":{"line":125,"column":63},"end":{"line":125,"column":null}},{"start":{"line":125,"column":63},"end":{"line":125,"column":null}}]}},"s":{"0":0,"1":0,"2":3,"3":4,"4":0,"5":4,"6":3,"7":29,"8":29,"9":0,"10":0,"11":0,"12":3,"13":0,"14":0,"15":0,"16":0,"17":0,"18":3,"19":46,"20":3,"21":29,"22":0,"23":29,"24":29,"25":3,"26":9,"27":9,"28":4,"29":5,"30":5,"31":0,"32":0,"33":0,"34":0,"35":0,"36":0,"37":0,"38":0,"39":0,"40":0,"41":0,"42":0,"43":0,"44":0,"45":0,"46":0,"47":0,"48":0,"49":0,"50":0,"51":0,"52":0,"53":0,"54":0,"55":0,"56":0,"57":3,"58":0,"59":0,"60":0,"61":3,"62":3},"f":{"0":0,"1":4,"2":29,"3":0,"4":46,"5":29,"6":9,"7":0,"8":0},"b":{"0":[0,0,0,0,0,0,0,0,0],"1":[0,4],"2":[29,0],"3":[0,0],"4":[46,14],"5":[0,29],"6":[29,29],"7":[29,0],"8":[29,0,0],"9":[4,5],"10":[5,0],"11":[0,0],"12":[0,0],"13":[0,0],"14":[0,0],"15":[0,0],"16":[0,0],"17":[0,0],"18":[0,0],"19":[0,0],"20":[0,0],"21":[0,0],"22":[0,0],"23":[0,0],"24":[0,0]}}
,"/Users/michaelolof/Desktop/michaelolof.O/Projects/npm-projects/vue-state-validator/src/validators.ts": {"path":"/Users/michaelolof/Desktop/michaelolof.O/Projects/npm-projects/vue-state-validator/src/validators.ts","statementMap":{"0":{"start":{"line":2,"column":0},"end":{"line":2,"column":53}},"1":{"start":{"line":3,"column":0},"end":{"line":3,"column":52}},"2":{"start":{"line":33,"column":2},"end":{"line":33,"column":51}},"3":{"start":{"line":38,"column":4},"end":{"line":46,"column":null}},"4":{"start":{"line":38,"column":22},"end":{"line":38,"column":29}},"5":{"start":{"line":38,"column":18},"end":{"line":38,"column":22}},"6":{"start":{"line":40,"column":6},"end":{"line":40,"column":38}},"7":{"start":{"line":40,"column":29},"end":{"line":40,"column":38}},"8":{"start":{"line":42,"column":28},"end":{"line":42,"column":69}},"9":{"start":{"line":44,"column":6},"end":{"line":44,"column":null}},"10":{"start":{"line":44,"column":34},"end":{"line":44,"column":null}},"11":{"start":{"line":48,"column":4},"end":{"line":48,"column":16}},"12":{"start":{"line":31,"column":0},"end":{"line":31,"column":16}},"13":{"start":{"line":55,"column":2},"end":{"line":55,"column":55}},"14":{"start":{"line":60,"column":14},"end":{"line":60,"column":18}},"15":{"start":{"line":62,"column":4},"end":{"line":70,"column":null}},"16":{"start":{"line":62,"column":22},"end":{"line":62,"column":29}},"17":{"start":{"line":62,"column":18},"end":{"line":62,"column":22}},"18":{"start":{"line":64,"column":6},"end":{"line":64,"column":38}},"19":{"start":{"line":64,"column":29},"end":{"line":64,"column":38}},"20":{"start":{"line":66,"column":22},"end":{"line":66,"column":84}},"21":{"start":{"line":68,"column":6},"end":{"line":68,"column":44}},"22":{"start":{"line":68,"column":30},"end":{"line":68,"column":44}},"23":{"start":{"line":72,"column":4},"end":{"line":72,"column":15}},"24":{"start":{"line":53,"column":0},"end":{"line":53,"column":16}},"25":{"start":{"line":80,"column":2},"end":{"line":83,"column":null}},"26":{"start":{"line":80,"column":18},"end":{"line":80,"column":23}},"27":{"start":{"line":80,"column":14},"end":{"line":80,"column":18}},"28":{"start":{"line":81,"column":23},"end":{"line":81,"column":54}},"29":{"start":{"line":82,"column":4},"end":{"line":82,"column":41}},"30":{"start":{"line":82,"column":28},"end":{"line":82,"column":41}},"31":{"start":{"line":85,"column":2},"end":{"line":85,"column":14}},"32":{"start":{"line":78,"column":0},"end":{"line":78,"column":16}},"33":{"start":{"line":91,"column":2},"end":{"line":115,"column":null}},"34":{"start":{"line":91,"column":18},"end":{"line":91,"column":23}},"35":{"start":{"line":91,"column":14},"end":{"line":91,"column":18}},"36":{"start":{"line":93,"column":23},"end":{"line":93,"column":54}},"37":{"start":{"line":95,"column":4},"end":{"line":113,"column":null}},"38":{"start":{"line":97,"column":6},"end":{"line":104,"column":null}},"39":{"start":{"line":98,"column":8},"end":{"line":98,"column":35}},"40":{"start":{"line":99,"column":8},"end":{"line":99,"column":31}},"41":{"start":{"line":102,"column":8},"end":{"line":102,"column":35}},"42":{"start":{"line":103,"column":8},"end":{"line":103,"column":31}},"43":{"start":{"line":106,"column":6},"end":{"line":106,"column":41}},"44":{"start":{"line":108,"column":6},"end":{"line":108,"column":null}},"45":{"start":{"line":112,"column":6},"end":{"line":112,"column":34}},"46":{"start":{"line":117,"column":2},"end":{"line":117,"column":14}},"47":{"start":{"line":89,"column":0},"end":{"line":89,"column":16}},"48":{"start":{"line":123,"column":2},"end":{"line":123,"column":28}},"49":{"start":{"line":124,"column":2},"end":{"line":124,"column":28}},"50":{"start":{"line":125,"column":2},"end":{"line":125,"column":25}},"51":{"start":{"line":122,"column":0},"end":{"line":122,"column":16}},"52":{"start":{"line":132,"column":27},"end":{"line":132,"column":38}},"53":{"start":{"line":133,"column":2},"end":{"line":133,"column":67}},"54":{"start":{"line":133,"column":43},"end":{"line":133,"column":67}},"55":{"start":{"line":135,"column":2},"end":{"line":140,"column":62}},"56":{"start":{"line":135,"column":49},"end":{"line":138,"column":null}},"57":{"start":{"line":140,"column":7},"end":{"line":140,"column":62}},"58":{"start":{"line":146,"column":2},"end":{"line":146,"column":null}},"59":{"start":{"line":151,"column":2},"end":{"line":155,"column":null}},"60":{"start":{"line":161,"column":2},"end":{"line":161,"column":73}},"61":{"start":{"line":161,"column":29},"end":{"line":161,"column":33}},"62":{"start":{"line":168,"column":2},"end":{"line":169,"column":164}},"63":{"start":{"line":168,"column":18},"end":{"line":168,"column":114}},"64":{"start":{"line":169,"column":7},"end":{"line":169,"column":164}},"65":{"start":{"line":169,"column":42},"end":{"line":169,"column":164}},"66":{"start":{"line":171,"column":2},"end":{"line":176,"column":null}},"67":{"start":{"line":181,"column":2},"end":{"line":183,"column":27}},"68":{"start":{"line":188,"column":2},"end":{"line":188,"column":77}}},"fnMap":{"0":{"name":"validate","decl":{"start":{"line":31,"column":16},"end":{"line":31,"column":24}},"loc":{"start":{"line":31,"column":51},"end":{"line":50,"column":1}}},"1":{"name":"_v","decl":{"start":{"line":36,"column":11},"end":{"line":36,"column":13}},"loc":{"start":{"line":36,"column":44},"end":{"line":49,"column":3}}},"2":{"name":"validateAndMutate","decl":{"start":{"line":53,"column":16},"end":{"line":53,"column":33}},"loc":{"start":{"line":53,"column":68},"end":{"line":75,"column":1}}},"3":{"name":"_v","decl":{"start":{"line":58,"column":11},"end":{"line":58,"column":13}},"loc":{"start":{"line":58,"column":48},"end":{"line":74,"column":3}}},"4":{"name":"validateValue","decl":{"start":{"line":78,"column":16},"end":{"line":78,"column":29}},"loc":{"start":{"line":78,"column":55},"end":{"line":86,"column":1}}},"5":{"name":"validateFieldAndMutate","decl":{"start":{"line":89,"column":16},"end":{"line":89,"column":38}},"loc":{"start":{"line":89,"column":74},"end":{"line":119,"column":1}}},"6":{"name":"invalidateMutatedField","decl":{"start":{"line":122,"column":16},"end":{"line":122,"column":38}},"loc":{"start":{"line":122,"column":54},"end":{"line":126,"column":1}}},"7":{"name":"validateAsOptional","decl":{"start":{"line":130,"column":9},"end":{"line":130,"column":27}},"loc":{"start":{"line":130,"column":71},"end":{"line":142,"column":1}}},"8":{"name":"resolvePureValidationOptions","decl":{"start":{"line":145,"column":9},"end":{"line":145,"column":37}},"loc":{"start":{"line":145,"column":64},"end":{"line":147,"column":1}}},"9":{"name":"resolvePureValidationOption","decl":{"start":{"line":150,"column":9},"end":{"line":150,"column":36}},"loc":{"start":{"line":150,"column":60},"end":{"line":156,"column":1}}},"10":{"name":"resolveMutatingValidationOptions","decl":{"start":{"line":159,"column":9},"end":{"line":159,"column":41}},"loc":{"start":{"line":159,"column":76},"end":{"line":163,"column":1}}},"11":{"name":"(anonymous_11)","decl":{"start":{"line":161,"column":24},"end":{"line":161,"column":25}},"loc":{"start":{"line":161,"column":25},"end":{"line":161,"column":30}}},"12":{"name":"resolveMutatingValidationOption","decl":{"start":{"line":166,"column":9},"end":{"line":166,"column":40}},"loc":{"start":{"line":166,"column":72},"end":{"line":177,"column":1}}},"13":{"name":"resolveRules","decl":{"start":{"line":180,"column":9},"end":{"line":180,"column":21}},"loc":{"start":{"line":180,"column":41},"end":{"line":184,"column":1}}},"14":{"name":"resolveValidateIf","decl":{"start":{"line":187,"column":9},"end":{"line":187,"column":26}},"loc":{"start":{"line":187,"column":47},"end":{"line":189,"column":1}}}},"branchMap":{"0":{"loc":{"start":{"line":40,"column":6},"end":{"line":40,"column":38}},"type":"if","locations":[{"start":{"line":40,"column":6},"end":{"line":40,"column":38}},{"start":{"line":40,"column":6},"end":{"line":40,"column":38}}]},"1":{"loc":{"start":{"line":44,"column":6},"end":{"line":44,"column":null}},"type":"if","locations":[{"start":{"line":44,"column":6},"end":{"line":44,"column":null}},{"start":{"line":44,"column":6},"end":{"line":44,"column":null}}]},"2":{"loc":{"start":{"line":64,"column":6},"end":{"line":64,"column":38}},"type":"if","locations":[{"start":{"line":64,"column":6},"end":{"line":64,"column":38}},{"start":{"line":64,"column":6},"end":{"line":64,"column":38}}]},"3":{"loc":{"start":{"line":68,"column":6},"end":{"line":68,"column":44}},"type":"if","locations":[{"start":{"line":68,"column":6},"end":{"line":68,"column":44}},{"start":{"line":68,"column":6},"end":{"line":68,"column":44}}]},"4":{"loc":{"start":{"line":82,"column":4},"end":{"line":82,"column":41}},"type":"if","locations":[{"start":{"line":82,"column":4},"end":{"line":82,"column":41}},{"start":{"line":82,"column":4},"end":{"line":82,"column":41}}]},"5":{"loc":{"start":{"line":95,"column":4},"end":{"line":113,"column":null}},"type":"if","locations":[{"start":{"line":95,"column":4},"end":{"line":113,"column":null}},{"start":{"line":95,"column":4},"end":{"line":113,"column":null}}]},"6":{"loc":{"start":{"line":97,"column":6},"end":{"line":104,"column":null}},"type":"if","locations":[{"start":{"line":97,"column":6},"end":{"line":104,"column":null}},{"start":{"line":97,"column":6},"end":{"line":104,"column":null}}]},"7":{"loc":{"start":{"line":133,"column":2},"end":{"line":133,"column":67}},"type":"if","locations":[{"start":{"line":133,"column":2},"end":{"line":133,"column":67}},{"start":{"line":133,"column":2},"end":{"line":133,"column":67}}]},"8":{"loc":{"start":{"line":135,"column":2},"end":{"line":140,"column":62}},"type":"if","locations":[{"start":{"line":135,"column":2},"end":{"line":140,"column":62}},{"start":{"line":135,"column":2},"end":{"line":140,"column":62}}]},"9":{"loc":{"start":{"line":135,"column":5},"end":{"line":135,"column":19}},"type":"binary-expr","locations":[{"start":{"line":135,"column":5},"end":{"line":135,"column":19}},{"start":{"line":135,"column":23},"end":{"line":135,"column":47}}]},"10":{"loc":{"start":{"line":168,"column":2},"end":{"line":169,"column":164}},"type":"if","locations":[{"start":{"line":168,"column":2},"end":{"line":169,"column":164}},{"start":{"line":168,"column":2},"end":{"line":169,"column":164}}]},"11":{"loc":{"start":{"line":169,"column":7},"end":{"line":169,"column":164}},"type":"if","locations":[{"start":{"line":169,"column":7},"end":{"line":169,"column":164}},{"start":{"line":169,"column":7},"end":{"line":169,"column":164}}]},"12":{"loc":{"start":{"line":182,"column":6},"end":{"line":182,"column":11}},"type":"cond-expr","locations":[{"start":{"line":182,"column":6},"end":{"line":182,"column":11}},{"start":{"line":182,"column":14},"end":{"line":183,"column":26}}]},"13":{"loc":{"start":{"line":181,"column":9},"end":{"line":181,"column":14}},"type":"binary-expr","locations":[{"start":{"line":181,"column":9},"end":{"line":181,"column":14}},{"start":{"line":181,"column":18},"end":{"line":181,"column":38}}]},"14":{"loc":{"start":{"line":183,"column":6},"end":{"line":183,"column":13}},"type":"cond-expr","locations":[{"start":{"line":183,"column":6},"end":{"line":183,"column":13}},{"start":{"line":183,"column":16},"end":{"line":183,"column":26}}]},"15":{"loc":{"start":{"line":182,"column":14},"end":{"line":182,"column":19}},"type":"binary-expr","locations":[{"start":{"line":182,"column":14},"end":{"line":182,"column":19}},{"start":{"line":182,"column":23},"end":{"line":182,"column":50}}]},"16":{"loc":{"start":{"line":188,"column":59},"end":{"line":188,"column":63}},"type":"cond-expr","locations":[{"start":{"line":188,"column":59},"end":{"line":188,"column":63}},{"start":{"line":188,"column":66},"end":{"line":188,"column":76}}]},"17":{"loc":{"start":{"line":188,"column":9},"end":{"line":188,"column":33}},"type":"binary-expr","locations":[{"start":{"line":188,"column":9},"end":{"line":188,"column":33}},{"start":{"line":188,"column":37},"end":{"line":188,"column":56}}]}},"s":{"0":1,"1":1,"2":2,"3":2,"4":4,"5":8,"6":8,"7":0,"8":8,"9":8,"10":1,"11":1,"12":1,"13":2,"14":2,"15":2,"16":4,"17":6,"18":6,"19":0,"20":6,"21":6,"22":2,"23":2,"24":1,"25":8,"26":16,"27":23,"28":23,"29":23,"30":1,"31":7,"32":1,"33":6,"34":12,"35":11,"36":11,"37":11,"38":2,"39":1,"40":1,"41":1,"42":1,"43":2,"44":2,"45":9,"46":4,"47":1,"48":9,"49":9,"50":9,"51":1,"52":34,"53":34,"54":1,"55":33,"56":31,"57":2,"58":2,"59":8,"60":2,"61":6,"62":6,"63":0,"64":6,"65":0,"66":6,"67":14,"68":14},"f":{"0":2,"1":2,"2":2,"3":2,"4":8,"5":6,"6":9,"7":34,"8":2,"9":8,"10":2,"11":6,"12":6,"13":14,"14":14},"b":{"0":[0,8],"1":[1,7],"2":[0,6],"3":[2,4],"4":[1,22],"5":[2,9],"6":[1,1],"7":[1,33],"8":[31,2],"9":[33,27],"10":[0,6],"11":[0,6],"12":[14,0],"13":[14,14],"14":[0,0],"15":[0,0],"16":[14,0],"17":[14,0]}}
,"/Users/michaelolof/Desktop/michaelolof.O/Projects/npm-projects/vue-state-validator/src/rules/alpha.ts": {"path":"/Users/michaelolof/Desktop/michaelolof.O/Projects/npm-projects/vue-state-validator/src/rules/alpha.ts","statementMap":{"0":{"start":{"line":5,"column":13},"end":{"line":16,"column":null}},"1":{"start":{"line":7,"column":18},"end":{"line":7,"column":48}},"2":{"start":{"line":7,"column":35},"end":{"line":7,"column":59}},"3":{"start":{"line":9,"column":2},"end":{"line":14,"column":48}},"4":{"start":{"line":9,"column":21},"end":{"line":12,"column":null}},"5":{"start":{"line":14,"column":7},"end":{"line":14,"column":48}}},"fnMap":{"0":{"name":"(anonymous_0)","decl":{"start":{"line":5,"column":21},"end":{"line":5,"column":22}},"loc":{"start":{"line":5,"column":32},"end":{"line":16,"column":1}}},"1":{"name":"(anonymous_1)","decl":{"start":{"line":7,"column":18},"end":{"line":7,"column":19}},"loc":{"start":{"line":7,"column":30},"end":{"line":7,"column":48}}}},"branchMap":{"0":{"loc":{"start":{"line":9,"column":2},"end":{"line":14,"column":48}},"type":"if","locations":[{"start":{"line":9,"column":2},"end":{"line":14,"column":48}},{"start":{"line":9,"column":2},"end":{"line":14,"column":48}}]}},"s":{"0":2,"1":12,"2":12,"3":12,"4":7,"5":5},"f":{"0":12,"1":12},"b":{"0":[7,5]}}
,"/Users/michaelolof/Desktop/michaelolof.O/Projects/npm-projects/vue-state-validator/src/rules/alphaNumeric.ts": {"path":"/Users/michaelolof/Desktop/michaelolof.O/Projects/npm-projects/vue-state-validator/src/rules/alphaNumeric.ts","statementMap":{"0":{"start":{"line":5,"column":13},"end":{"line":14,"column":null}},"1":{"start":{"line":7,"column":2},"end":{"line":12,"column":55}},"2":{"start":{"line":7,"column":28},"end":{"line":10,"column":null}},"3":{"start":{"line":12,"column":7},"end":{"line":12,"column":55}},"4":{"start":{"line":19,"column":2},"end":{"line":26,"column":null}},"5":{"start":{"line":20,"column":4},"end":{"line":20,"column":29}},"6":{"start":{"line":21,"column":4},"end":{"line":25,"column":null}},"7":{"start":{"line":24,"column":6},"end":{"line":24,"column":19}},"8":{"start":{"line":27,"column":2},"end":{"line":27,"column":14}}},"fnMap":{"0":{"name":"(anonymous_0)","decl":{"start":{"line":5,"column":28},"end":{"line":5,"column":29}},"loc":{"start":{"line":5,"column":39},"end":{"line":14,"column":1}}},"1":{"name":"isAlphaNumeric","decl":{"start":{"line":16,"column":9},"end":{"line":16,"column":23}},"loc":{"start":{"line":16,"column":32},"end":{"line":28,"column":1}}}},"branchMap":{"0":{"loc":{"start":{"line":7,"column":2},"end":{"line":12,"column":55}},"type":"if","locations":[{"start":{"line":7,"column":2},"end":{"line":12,"column":55}},{"start":{"line":7,"column":2},"end":{"line":12,"column":55}}]},"1":{"loc":{"start":{"line":21,"column":4},"end":{"line":25,"column":null}},"type":"if","locations":[{"start":{"line":21,"column":4},"end":{"line":25,"column":null}},{"start":{"line":21,"column":4},"end":{"line":25,"column":null}}]},"2":{"loc":{"start":{"line":21,"column":8},"end":{"line":21,"column":33}},"type":"binary-expr","locations":[{"start":{"line":21,"column":8},"end":{"line":21,"column":33}},{"start":{"line":22,"column":8},"end":{"line":22,"column":33}},{"start":{"line":23,"column":8},"end":{"line":23,"column":34}}]},"3":{"loc":{"start":{"line":21,"column":10},"end":{"line":21,"column":19}},"type":"binary-expr","locations":[{"start":{"line":21,"column":10},"end":{"line":21,"column":19}},{"start":{"line":21,"column":23},"end":{"line":21,"column":32}}]},"4":{"loc":{"start":{"line":22,"column":10},"end":{"line":22,"column":19}},"type":"binary-expr","locations":[{"start":{"line":22,"column":10},"end":{"line":22,"column":19}},{"start":{"line":22,"column":23},"end":{"line":22,"column":32}}]},"5":{"loc":{"start":{"line":23,"column":10},"end":{"line":23,"column":19}},"type":"binary-expr","locations":[{"start":{"line":23,"column":10},"end":{"line":23,"column":19}},{"start":{"line":23,"column":23},"end":{"line":23,"column":33}}]}},"s":{"0":2,"1":5,"2":3,"3":2,"4":5,"5":35,"6":35,"7":2,"8":3},"f":{"0":5,"1":5},"b":{"0":[3,2],"1":[2,33],"2":[35,16,16],"3":[35,34],"4":[16,15],"5":[16,14]}}
[...]
,"/Users/michaelolof/Desktop/michaelolof.O/Projects/npm-projects/vue-state-validator/src/rules/max.ts": {"path":"/Users/michaelolof/Desktop/michaelolof.O/Projects/npm-projects/vue-state-validator/src/rules/max.ts","statementMap":{"0":{"start":{"line":1,"column":0},"end":{"line":1,"column":54}},"1":{"start":{"line":5,"column":13},"end":{"line":14,"column":null}},"2":{"start":{"line":5,"column":40},"end":{"line":14,"column":null}},"3":{"start":{"line":7,"column":2},"end":{"line":12,"column":46}},"4":{"start":{"line":7,"column":40},"end":{"line":10,"column":null}},"5":{"start":{"line":12,"column":7},"end":{"line":12,"column":46}}},"fnMap":{"0":{"name":"(anonymous_0)","decl":{"start":{"line":5,"column":19},"end":{"line":5,"column":20}},"loc":{"start":{"line":5,"column":35},"end":{"line":5,"column":41}}},"1":{"name":"(anonymous_1)","decl":{"start":{"line":5,"column":40},"end":{"line":5,"column":41}},"loc":{"start":{"line":5,"column":51},"end":{"line":14,"column":1}}}},"branchMap":{"0":{"loc":{"start":{"line":7,"column":2},"end":{"line":12,"column":46}},"type":"if","locations":[{"start":{"line":7,"column":2},"end":{"line":12,"column":46}},{"start":{"line":7,"column":2},"end":{"line":12,"column":46}}]}},"s":{"0":3,"1":3,"2":21,"3":21,"4":12,"5":9},"f":{"0":21,"1":21},"b":{"0":[12,9]}}
,"/Users/michaelolof/Desktop/michaelolof.O/Projects/npm-projects/vue-state-validator/src/rules/maxChar.ts": {"path":"/Users/michaelolof/Desktop/michaelolof.O/Projects/npm-projects/vue-state-validator/src/rules/maxChar.ts","statementMap":{"0":{"start":{"line":4,"column":13},"end":{"line":14,"column":null}},"1":{"start":{"line":4,"column":44},"end":{"line":14,"column":null}},"2":{"start":{"line":6,"column":18},"end":{"line":6,"column":33}},"3":{"start":{"line":6,"column":32},"end":{"line":6,"column":59}},"4":{"start":{"line":8,"column":2},"end":{"line":13,"column":50}},"5":{"start":{"line":8,"column":21},"end":{"line":11,"column":null}},"6":{"start":{"line":13,"column":7},"end":{"line":13,"column":50}}},"fnMap":{"0":{"name":"(anonymous_0)","decl":{"start":{"line":4,"column":23},"end":{"line":4,"column":24}},"loc":{"start":{"line":4,"column":39},"end":{"line":4,"column":45}}},"1":{"name":"(anonymous_1)","decl":{"start":{"line":4,"column":44},"end":{"line":4,"column":45}},"loc":{"start":{"line":4,"column":55},"end":{"line":14,"column":1}}},"2":{"name":"(anonymous_2)","decl":{"start":{"line":6,"column":18},"end":{"line":6,"column":19}},"loc":{"start":{"line":6,"column":27},"end":{"line":6,"column":33}}}},"branchMap":{"0":{"loc":{"start":{"line":8,"column":2},"end":{"line":13,"column":50}},"type":"if","locations":[{"start":{"line":8,"column":2},"end":{"line":13,"column":50}},{"start":{"line":8,"column":2},"end":{"line":13,"column":50}}]}},"s":{"0":3,"1":18,"2":16,"3":16,"4":16,"5":12,"6":4},"f":{"0":18,"1":16,"2":16},"b":{"0":[12,4]}}
,"/Users/michaelolof/Desktop/michaelolof.O/Projects/npm-projects/vue-state-validator/src/rules/maxWord.ts": {"path":"/Users/michaelolof/Desktop/michaelolof.O/Projects/npm-projects/vue-state-validator/src/rules/maxWord.ts","statementMap":{"0":{"start":{"line":4,"column":13},"end":{"line":14,"column":null}},"1":{"start":{"line":4,"column":44},"end":{"line":14,"column":null}},"2":{"start":{"line":6,"column":16},"end":{"line":6,"column":70}},"3":{"start":{"line":6,"column":57},"end":{"line":6,"column":70}},"4":{"start":{"line":7,"column":2},"end":{"line":12,"column":50}},"5":{"start":{"line":7,"column":30},"end":{"line":10,"column":null}},"6":{"start":{"line":12,"column":7},"end":{"line":12,"column":50}}},"fnMap":{"0":{"name":"(anonymous_0)","decl":{"start":{"line":4,"column":23},"end":{"line":4,"column":24}},"loc":{"start":{"line":4,"column":39},"end":{"line":4,"column":45}}},"1":{"name":"(anonymous_1)","decl":{"start":{"line":4,"column":44},"end":{"line":4,"column":45}},"loc":{"start":{"line":4,"column":55},"end":{"line":14,"column":1}}},"2":{"name":"(anonymous_2)","decl":{"start":{"line":6,"column":52},"end":{"line":6,"column":53}},"loc":{"start":{"line":6,"column":53},"end":{"line":6,"column":58}}}},"branchMap":{"0":{"loc":{"start":{"line":7,"column":2},"end":{"line":12,"column":50}},"type":"if","locations":[{"start":{"line":7,"column":2},"end":{"line":12,"column":50}},{"start":{"line":7,"column":2},"end":{"line":12,"column":50}}]}},"s":{"0":1,"1":9,"2":9,"3":30,"4":9,"5":8,"6":1},"f":{"0":9,"1":9,"2":30},"b":{"0":[8,1]}}
,"/Users/michaelolof/Desktop/michaelolof.O/Projects/npm-projects/vue-state-validator/src/rules/min.ts": {"path":"/Users/michaelolof/Desktop/michaelolof.O/Projects/npm-projects/vue-state-validator/src/rules/min.ts","statementMap":{"0":{"start":{"line":1,"column":0},"end":{"line":1,"column":53}},"1":{"start":{"line":4,"column":13},"end":{"line":13,"column":null}},"2":{"start":{"line":4,"column":40},"end":{"line":13,"column":null}},"3":{"start":{"line":6,"column":2},"end":{"line":11,"column":46}},"4":{"start":{"line":6,"column":40},"end":{"line":9,"column":null}},"5":{"start":{"line":11,"column":7},"end":{"line":11,"column":46}}},"fnMap":{"0":{"name":"(anonymous_0)","decl":{"start":{"line":4,"column":19},"end":{"line":4,"column":20}},"loc":{"start":{"line":4,"column":35},"end":{"line":4,"column":41}}},"1":{"name":"(anonymous_1)","decl":{"start":{"line":4,"column":40},"end":{"line":4,"column":41}},"loc":{"start":{"line":4,"column":51},"end":{"line":13,"column":1}}}},"branchMap":{"0":{"loc":{"start":{"line":6,"column":2},"end":{"line":11,"column":46}},"type":"if","locations":[{"start":{"line":6,"column":2},"end":{"line":11,"column":46}},{"start":{"line":6,"column":2},"end":{"line":11,"column":46}}]}},"s":{"0":2,"1":2,"2":12,"3":12,"4":12,"5":0},"f":{"0":12,"1":12},"b":{"0":[12,0]}}
,"/Users/michaelolof/Desktop/michaelolof.O/Projects/npm-projects/vue-state-validator/src/rules/minChar.ts": {"path":"/Users/michaelolof/Desktop/michaelolof.O/Projects/npm-projects/vue-state-validator/src/rules/minChar.ts","statementMap":{"0":{"start":{"line":4,"column":13},"end":{"line":12,"column":null}},"1":{"start":{"line":4,"column":44},"end":{"line":12,"column":null}},"2":{"start":{"line":6,"column":2},"end":{"line":11,"column":50}},"3":{"start":{"line":6,"column":35},"end":{"line":9,"column":null}},"4":{"start":{"line":11,"column":7},"end":{"line":11,"column":50}}},"fnMap":{"0":{"name":"(anonymous_0)","decl":{"start":{"line":4,"column":23},"end":{"line":4,"column":24}},"loc":{"start":{"line":4,"column":39},"end":{"line":4,"column":45}}},"1":{"name":"(anonymous_1)","decl":{"start":{"line":4,"column":44},"end":{"line":4,"column":45}},"loc":{"start":{"line":4,"column":55},"end":{"line":12,"column":1}}}},"branchMap":{"0":{"loc":{"start":{"line":6,"column":2},"end":{"line":11,"column":50}},"type":"if","locations":[{"start":{"line":6,"column":2},"end":{"line":11,"column":50}},{"start":{"line":6,"column":2},"end":{"line":11,"column":50}}]}},"s":{"0":3,"1":10,"2":10,"3":8,"4":2},"f":{"0":10,"1":10},"b":{"0":[8,2]}}
,"/Users/michaelolof/Desktop/michaelolof.O/Projects/npm-projects/vue-state-validator/src/rules/minWord.ts": {"path":"/Users/michaelolof/Desktop/michaelolof.O/Projects/npm-projects/vue-state-validator/src/rules/minWord.ts","statementMap":{"0":{"start":{"line":4,"column":13},"end":{"line":14,"column":null}},"1":{"start":{"line":4,"column":44},"end":{"line":14,"column":null}},"2":{"start":{"line":6,"column":16},"end":{"line":6,"column":70}},"3":{"start":{"line":6,"column":57},"end":{"line":6,"column":70}},"4":{"start":{"line":7,"column":2},"end":{"line":12,"column":50}},"5":{"start":{"line":7,"column":30},"end":{"line":10,"column":null}},"6":{"start":{"line":12,"column":7},"end":{"line":12,"column":50}}},"fnMap":{"0":{"name":"(anonymous_0)","decl":{"start":{"line":4,"column":23},"end":{"line":4,"column":24}},"loc":{"start":{"line":4,"column":39},"end":{"line":4,"column":45}}},"1":{"name":"(anonymous_1)","decl":{"start":{"line":4,"column":44},"end":{"line":4,"column":45}},"loc":{"start":{"line":4,"column":55},"end":{"line":14,"column":1}}},"2":{"name":"(anonymous_2)","decl":{"start":{"line":6,"column":52},"end":{"line":6,"column":53}},"loc":{"start":{"line":6,"column":53},"end":{"line":6,"column":58}}}},"branchMap":{"0":{"loc":{"start":{"line":7,"column":2},"end":{"line":12,"column":50}},"type":"if","locations":[{"start":{"line":7,"column":2},"end":{"line":12,"column":50}},{"start":{"line":7,"column":2},"end":{"line":12,"column":50}}]}},"s":{"0":2,"1":11,"2":11,"3":39,"4":11,"5":8,"6":3},"f":{"0":11,"1":11,"2":39},"b":{"0":[8,3]}}
,"/Users/michaelolof/Desktop/michaelolof.O/Projects/npm-projects/vue-state-validator/src/rules/notContain.ts": {"path":"/Users/michaelolof/Desktop/michaelolof.O/Projects/npm-projects/vue-state-validator/src/rules/notContain.ts","statementMap":{"0":{"start":{"line":1,"column":0},"end":{"line":1,"column":38}},"1":{"start":{"line":6,"column":13},"end":{"line":15,"column":null}},"2":{"start":{"line":6,"column":47},"end":{"line":15,"column":null}},"3":{"start":{"line":8,"column":2},"end":{"line":13,"column":null}},"4":{"start":{"line":8,"column":49},"end":{"line":11,"column":null}},"5":{"start":{"line":13,"column":7},"end":{"line":13,"column":null}}},"fnMap":{"0":{"name":"(anonymous_0)","decl":{"start":{"line":6,"column":26},"end":{"line":6,"column":27}},"loc":{"start":{"line":6,"column":42},"end":{"line":6,"column":48}}},"1":{"name":"(anonymous_1)","decl":{"start":{"line":6,"column":47},"end":{"line":6,"column":48}},"loc":{"start":{"line":6,"column":58},"end":{"line":15,"column":1}}}},"branchMap":{"0":{"loc":{"start":{"line":8,"column":2},"end":{"line":13,"column":null}},"type":"if","locations":[{"start":{"line":8,"column":2},"end":{"line":13,"column":null}},{"start":{"line":8,"column":2},"end":{"line":13,"column":null}}]}},"s":{"0":2,"1":2,"2":5,"3":5,"4":2,"5":3},"f":{"0":5,"1":5},"b":{"0":[2,3]}}
,"/Users/michaelolof/Desktop/michaelolof.O/Projects/npm-projects/vue-state-validator/src/rules/numeric.ts": {"path":"/Users/michaelolof/Desktop/michaelolof.O/Projects/npm-projects/vue-state-validator/src/rules/numeric.ts","statementMap":{"0":{"start":{"line":5,"column":13},"end":{"line":14,"column":null}},"1":{"start":{"line":7,"column":2},"end":{"line":12,"column":50}},"2":{"start":{"line":7,"column":20},"end":{"line":10,"column":null}},"3":{"start":{"line":12,"column":7},"end":{"line":12,"column":50}}},"fnMap":{"0":{"name":"(anonymous_0)","decl":{"start":{"line":5,"column":23},"end":{"line":5,"column":24}},"loc":{"start":{"line":5,"column":34},"end":{"line":14,"column":1}}}},"branchMap":{"0":{"loc":{"start":{"line":7,"column":2},"end":{"line":12,"column":50}},"type":"if","locations":[{"start":{"line":7,"column":2},"end":{"line":12,"column":50}},{"start":{"line":7,"column":2},"end":{"line":12,"column":50}}]}},"s":{"0":2,"1":18,"2":9,"3":9},"f":{"0":18},"b":{"0":[9,9]}}
,"/Users/michaelolof/Desktop/michaelolof.O/Projects/npm-projects/vue-state-validator/src/rules/range.ts": {"path":"/Users/michaelolof/Desktop/michaelolof.O/Projects/npm-projects/vue-state-validator/src/rules/range.ts","statementMap":{"0":{"start":{"line":2,"column":0},"end":{"line":2,"column":28}},"1":{"start":{"line":3,"column":0},"end":{"line":3,"column":28}},"2":{"start":{"line":7,"column":13},"end":{"line":19,"column":null}},"3":{"start":{"line":7,"column":59},"end":{"line":19,"column":null}},"4":{"start":{"line":9,"column":22},"end":{"line":9,"column":39}},"5":{"start":{"line":9,"column":36},"end":{"line":9,"column":64}},"6":{"start":{"line":10,"column":20},"end":{"line":10,"column":37}},"7":{"start":{"line":10,"column":34},"end":{"line":10,"column":62}},"8":{"start":{"line":12,"column":2},"end":{"line":17,"column":48}},"9":{"start":{"line":12,"column":47},"end":{"line":15,"column":null}},"10":{"start":{"line":17,"column":7},"end":{"line":17,"column":48}}},"fnMap":{"0":{"name":"(anonymous_0)","decl":{"start":{"line":7,"column":21},"end":{"line":7,"column":22}},"loc":{"start":{"line":7,"column":54},"end":{"line":7,"column":60}}},"1":{"name":"(anonymous_1)","decl":{"start":{"line":7,"column":59},"end":{"line":7,"column":60}},"loc":{"start":{"line":7,"column":70},"end":{"line":19,"column":1}}},"2":{"name":"(anonymous_2)","decl":{"start":{"line":9,"column":22},"end":{"line":9,"column":23}},"loc":{"start":{"line":9,"column":31},"end":{"line":9,"column":39}}},"3":{"name":"(anonymous_3)","decl":{"start":{"line":10,"column":20},"end":{"line":10,"column":21}},"loc":{"start":{"line":10,"column":29},"end":{"line":10,"column":37}}}},"branchMap":{"0":{"loc":{"start":{"line":12,"column":2},"end":{"line":17,"column":48}},"type":"if","locations":[{"start":{"line":12,"column":2},"end":{"line":17,"column":48}},{"start":{"line":12,"column":2},"end":{"line":17,"column":48}}]},"1":{"loc":{"start":{"line":12,"column":6},"end":{"line":12,"column":24}},"type":"binary-expr","locations":[{"start":{"line":12,"column":6},"end":{"line":12,"column":24}},{"start":{"line":12,"column":28},"end":{"line":12,"column":44}}]}},"s":{"0":2,"1":2,"2":2,"3":11,"4":10,"5":10,"6":10,"7":10,"8":10,"9":6,"10":4},"f":{"0":11,"1":10,"2":10,"3":10},"b":{"0":[6,4],"1":[10,10]}}
,"/Users/michaelolof/Desktop/michaelolof.O/Projects/npm-projects/vue-state-validator/src/rules/required.ts": {"path":"/Users/michaelolof/Desktop/michaelolof.O/Projects/npm-projects/vue-state-validator/src/rules/required.ts","statementMap":{"0":{"start":{"line":1,"column":0},"end":{"line":1,"column":41}},"1":{"start":{"line":6,"column":2},"end":{"line":7,"column":null}},"2":{"start":{"line":6,"column":37},"end":{"line":6,"column":null}},"3":{"start":{"line":7,"column":7},"end":{"line":7,"column":null}},"4":{"start":{"line":5,"column":0},"end":{"line":5,"column":16}},"5":{"start":{"line":11,"column":13},"end":{"line":21,"column":null}},"6":{"start":{"line":13,"column":2},"end":{"line":13,"column":55}},"7":{"start":{"line":13,"column":34},"end":{"line":13,"column":55}},"8":{"start":{"line":15,"column":2},"end":{"line":19,"column":20}},"9":{"start":{"line":16,"column":4},"end":{"line":16,"column":null}},"10":{"start":{"line":19,"column":7},"end":{"line":19,"column":20}}},"fnMap":{"0":{"name":"required","decl":{"start":{"line":5,"column":16},"end":{"line":5,"column":24}},"loc":{"start":{"line":5,"column":35},"end":{"line":8,"column":1}}},"1":{"name":"(anonymous_1)","decl":{"start":{"line":11,"column":23},"end":{"line":11,"column":24}},"loc":{"start":{"line":11,"column":34},"end":{"line":21,"column":1}}}},"branchMap":{"0":{"loc":{"start":{"line":6,"column":2},"end":{"line":7,"column":null}},"type":"if","locations":[{"start":{"line":6,"column":2},"end":{"line":7,"column":null}},{"start":{"line":6,"column":2},"end":{"line":7,"column":null}}]},"1":{"loc":{"start":{"line":6,"column":5},"end":{"line":6,"column":19}},"type":"binary-expr","locations":[{"start":{"line":6,"column":5},"end":{"line":6,"column":19}},{"start":{"line":6,"column":23},"end":{"line":6,"column":35}}]},"2":{"loc":{"start":{"line":13,"column":2},"end":{"line":13,"column":55}},"type":"if","locations":[{"start":{"line":13,"column":2},"end":{"line":13,"column":55}},{"start":{"line":13,"column":2},"end":{"line":13,"column":55}}]},"3":{"loc":{"start":{"line":15,"column":2},"end":{"line":19,"column":20}},"type":"if","locations":[{"start":{"line":15,"column":2},"end":{"line":19,"column":20}},{"start":{"line":15,"column":2},"end":{"line":19,"column":20}}]},"4":{"loc":{"start":{"line":15,"column":6},"end":{"line":15,"column":25}},"type":"binary-expr","locations":[{"start":{"line":15,"column":6},"end":{"line":15,"column":25}},{"start":{"line":15,"column":29},"end":{"line":15,"column":43}},{"start":{"line":15,"column":47},"end":{"line":15,"column":65}},{"start":{"line":15,"column":69},"end":{"line":15,"column":89}}]}},"s":{"0":2,"1":20,"2":8,"3":12,"4":2,"5":2,"6":63,"7":36,"8":63,"9":19,"10":44},"f":{"0":20,"1":63},"b":{"0":[8,12],"1":[20,13],"2":[36,27],"3":[19,44],"4":[63,54,52,46]}}
,"/Users/michaelolof/Desktop/michaelolof.O/Projects/npm-projects/vue-state-validator/src/rules/url.ts": {"path":"/Users/michaelolof/Desktop/michaelolof.O/Projects/npm-projects/vue-state-validator/src/rules/url.ts","statementMap":{"0":{"start":{"line":2,"column":0},"end":{"line":2,"column":37}},"1":{"start":{"line":5,"column":13},"end":{"line":22,"column":null}},"2":{"start":{"line":7,"column":16},"end":{"line":7,"column":26}},"3":{"start":{"line":7,"column":22},"end":{"line":13,"column":16}},"4":{"start":{"line":15,"column":2},"end":{"line":20,"column":null}},"5":{"start":{"line":15,"column":32},"end":{"line":18,"column":null}},"6":{"start":{"line":20,"column":7},"end":{"line":20,"column":null}}},"fnMap":{"0":{"name":"(anonymous_0)","decl":{"start":{"line":5,"column":19},"end":{"line":5,"column":20}},"loc":{"start":{"line":5,"column":30},"end":{"line":22,"column":1}}},"1":{"name":"(anonymous_1)","decl":{"start":{"line":7,"column":16},"end":{"line":7,"column":22}},"loc":{"start":{"line":7,"column":16},"end":{"line":7,"column":26}}}},"branchMap":{"0":{"loc":{"start":{"line":15,"column":2},"end":{"line":20,"column":null}},"type":"if","locations":[{"start":{"line":15,"column":2},"end":{"line":20,"column":null}},{"start":{"line":15,"column":2},"end":{"line":20,"column":null}}]},"1":{"loc":{"start":{"line":15,"column":5},"end":{"line":15,"column":19}},"type":"binary-expr","locations":[{"start":{"line":15,"column":5},"end":{"line":15,"column":19}},{"start":{"line":15,"column":23},"end":{"line":15,"column":30}}]}},"s":{"0":1,"1":1,"2":0,"3":0,"4":0,"5":0,"6":0},"f":{"0":0,"1":0},"b":{"0":[0,0],"1":[0,0]}}
,"/Users/michaelolof/Desktop/michaelolof.O/Projects/npm-projects/vue-state-validator/src/rules/wordRange.ts": {"path":"/Users/michaelolof/Desktop/michaelolof.O/Projects/npm-projects/vue-state-validator/src/rules/wordRange.ts","statementMap":{"0":{"start":{"line":2,"column":0},"end":{"line":2,"column":36}},"1":{"start":{"line":3,"column":0},"end":{"line":3,"column":36}},"2":{"start":{"line":7,"column":13},"end":{"line":18,"column":null}},"3":{"start":{"line":7,"column":63},"end":{"line":18,"column":null}},"4":{"start":{"line":9,"column":22},"end":{"line":9,"column":35}},"5":{"start":{"line":9,"column":28},"end":{"line":9,"column":60}},"6":{"start":{"line":10,"column":20},"end":{"line":10,"column":33}},"7":{"start":{"line":10,"column":26},"end":{"line":10,"column":58}},"8":{"start":{"line":12,"column":2},"end":{"line":17,"column":52}},"9":{"start":{"line":12,"column":35},"end":{"line":15,"column":null}},"10":{"start":{"line":17,"column":7},"end":{"line":17,"column":52}}},"fnMap":{"0":{"name":"(anonymous_0)","decl":{"start":{"line":7,"column":25},"end":{"line":7,"column":26}},"loc":{"start":{"line":7,"column":58},"end":{"line":7,"column":64}}},"1":{"name":"(anonymous_1)","decl":{"start":{"line":7,"column":63},"end":{"line":7,"column":64}},"loc":{"start":{"line":7,"column":74},"end":{"line":18,"column":1}}},"2":{"name":"(anonymous_2)","decl":{"start":{"line":9,"column":22},"end":{"line":9,"column":28}},"loc":{"start":{"line":9,"column":22},"end":{"line":9,"column":35}}},"3":{"name":"(anonymous_3)","decl":{"start":{"line":10,"column":20},"end":{"line":10,"column":26}},"loc":{"start":{"line":10,"column":20},"end":{"line":10,"column":33}}}},"branchMap":{"0":{"loc":{"start":{"line":12,"column":2},"end":{"line":17,"column":52}},"type":"if","locations":[{"start":{"line":12,"column":2},"end":{"line":17,"column":52}},{"start":{"line":12,"column":2},"end":{"line":17,"column":52}}]},"1":{"loc":{"start":{"line":12,"column":5},"end":{"line":12,"column":18}},"type":"binary-expr","locations":[{"start":{"line":12,"column":5},"end":{"line":12,"column":18}},{"start":{"line":12,"column":22},"end":{"line":12,"column":33}}]}},"s":{"0":1,"1":1,"2":1,"3":6,"4":6,"5":6,"6":6,"7":5,"8":6,"9":4,"10":2},"f":{"0":6,"1":6,"2":6,"3":5},"b":{"0":[4,2],"1":[6,5]}}
}
