TN:
SF:src/index.ts
FN:2,(anonymous_1)
FN:2,(anonymous_2)
FN:4,(anonymous_3)
FN:5,(anonymous_4)
FN:6,(anonymous_5)
FN:7,(anonymous_6)
FN:8,(anonymous_7)
FN:9,(anonymous_8)
FN:10,(anonymous_9)
FN:11,(anonymous_10)
FN:12,(anonymous_11)
FN:13,(anonymous_12)
FN:14,(anonymous_13)
FN:15,(anonymous_14)
FN:16,(anonymous_15)
FN:17,(anonymous_16)
FN:18,(anonymous_17)
FN:19,(anonymous_18)
FN:20,(anonymous_19)
FN:21,(anonymous_20)
FN:22,(anonymous_21)
FN:23,(anonymous_22)
FN:24,(anonymous_23)
FN:25,(anonymous_24)
FN:26,(anonymous_25)
FN:26,(anonymous_26)
FN:27,(anonymous_27)
FN:28,(anonymous_28)
FNF:28
FNH:10
FNDA:2,(anonymous_1)
FNDA:2,(anonymous_2)
FNDA:4,(anonymous_3)
FNDA:0,(anonymous_4)
FNDA:0,(anonymous_5)
FNDA:0,(anonymous_6)
FNDA:0,(anonymous_7)
FNDA:0,(anonymous_8)
FNDA:0,(anonymous_9)
FNDA:0,(anonymous_10)
FNDA:0,(anonymous_11)
FNDA:0,(anonymous_12)
FNDA:0,(anonymous_13)
FNDA:0,(anonymous_14)
FNDA:0,(anonymous_15)
FNDA:0,(anonymous_16)
FNDA:8,(anonymous_17)
FNDA:4,(anonymous_18)
FNDA:2,(anonymous_19)
FNDA:0,(anonymous_20)
FNDA:0,(anonymous_21)
FNDA:0,(anonymous_22)
FNDA:2,(anonymous_23)
FNDA:2,(anonymous_24)
FNDA:9,(anonymous_25)
FNDA:0,(anonymous_26)
FNDA:0,(anonymous_27)
FNDA:6,(anonymous_28)
DA:1,1
DA:2,3
DA:4,5
DA:5,1
DA:6,1
DA:7,1
DA:8,1
DA:9,1
DA:10,1
DA:11,1
DA:12,1
DA:13,1
DA:14,1
DA:15,1
DA:16,1
DA:17,1
DA:18,9
DA:19,5
DA:20,3
DA:21,1
DA:22,1
DA:23,1
DA:24,3
DA:25,3
DA:26,10
DA:27,1
DA:28,7
DA:30,1
LF:28
LH:28
BRF:0
BRH:0
end_of_record
TN:
SF:src/plugin.ts
FN:6,useValidateOn
FN:8,(anonymous_1)
FN:8,(anonymous_2)
FN:12,(anonymous_3)
FN:16,(anonymous_4)
FN:16,(anonymous_5)
FN:19,(anonymous_6)
FN:27,(anonymous_7)
FN:65,(anonymous_8)
FN:76,useValidatePrevent
FN:78,(anonymous_10)
FN:78,(anonymous_11)
FN:88,(anonymous_12)
FN:88,(anonymous_13)
FN:101,(anonymous_14)
FN:121,(anonymous_15)
FN:129,useValidateAllow
FN:131,(anonymous_17)
FN:131,(anonymous_18)
FN:141,(anonymous_19)
FN:141,(anonymous_20)
FN:154,(anonymous_21)
FN:174,(anonymous_22)
FN:182,useValidateMax
FN:184,(anonymous_24)
FN:184,(anonymous_25)
FN:200,(anonymous_26)
FN:220,(anonymous_27)
FN:227,useValidateLength
FN:229,(anonymous_29)
FN:229,(anonymous_30)
FN:241,(anonymous_31)
FN:261,(anonymous_32)
FN:268,buildRulesFromBinding
FN:284,numericChar
FN:293,validateValueChars
FN:307,(anonymous_36)
FNF:37
FNH:0
FNDA:0,useValidateOn
FNDA:0,(anonymous_1)
FNDA:0,(anonymous_2)
FNDA:0,(anonymous_3)
FNDA:0,(anonymous_4)
FNDA:0,(anonymous_5)
FNDA:0,(anonymous_6)
FNDA:0,(anonymous_7)
FNDA:0,(anonymous_8)
FNDA:0,useValidatePrevent
FNDA:0,(anonymous_10)
FNDA:0,(anonymous_11)
FNDA:0,(anonymous_12)
FNDA:0,(anonymous_13)
FNDA:0,(anonymous_14)
FNDA:0,(anonymous_15)
FNDA:0,useValidateAllow
FNDA:0,(anonymous_17)
FNDA:0,(anonymous_18)
FNDA:0,(anonymous_19)
FNDA:0,(anonymous_20)
FNDA:0,(anonymous_21)
FNDA:0,(anonymous_22)
FNDA:0,useValidateMax
FNDA:0,(anonymous_24)
FNDA:0,(anonymous_25)
FNDA:0,(anonymous_26)
FNDA:0,(anonymous_27)
FNDA:0,useValidateLength
FNDA:0,(anonymous_29)
FNDA:0,(anonymous_30)
FNDA:0,(anonymous_31)
FNDA:0,(anonymous_32)
FNDA:0,buildRulesFromBinding
FNDA:0,numericChar
FNDA:0,validateValueChars
FNDA:0,(anonymous_36)
DA:1,1
DA:2,1
DA:3,1
DA:8,0
DA:9,0
DA:11,0
DA:12,0
DA:16,0
DA:17,0
DA:18,0
DA:19,0
DA:22,0
DA:23,0
DA:24,0
DA:25,0
DA:27,0
DA:28,0
DA:29,0
DA:30,0
DA:31,0
DA:32,0
DA:34,0
DA:35,0
DA:39,0
DA:40,0
DA:42,0
DA:43,0
DA:45,0
DA:46,0
DA:49,0
DA:50,0
DA:51,0
DA:53,0
DA:54,0
DA:56,0
DA:57,0
DA:62,0
DA:66,0
DA:68,0
DA:69,0
DA:78,0
DA:79,0
DA:81,0
DA:83,0
DA:84,0
DA:85,0
DA:88,0
DA:89,0
DA:92,0
DA:93,0
DA:94,0
DA:97,0
DA:98,0
DA:101,0
DA:102,0
DA:103,0
DA:105,0
DA:106,0
DA:107,0
DA:109,0
DA:110,0
DA:111,0
DA:112,0
DA:113,0
DA:114,0
DA:118,0
DA:122,0
DA:123,0
DA:131,0
DA:132,0
DA:134,0
DA:136,0
DA:137,0
DA:138,0
DA:141,0
DA:142,0
DA:145,0
DA:146,0
DA:147,0
DA:150,0
DA:151,0
DA:154,0
DA:155,0
DA:156,0
DA:158,0
DA:159,0
DA:160,0
DA:162,0
DA:163,0
DA:164,0
DA:165,0
DA:166,0
DA:167,0
DA:171,0
DA:175,0
DA:176,0
DA:184,0
DA:185,0
DA:187,0
DA:189,0
DA:190,0
DA:191,0
DA:192,0
DA:193,0
DA:194,0
DA:198,0
DA:200,0
DA:202,0
DA:203,0
DA:205,0
DA:206,0
DA:208,0
DA:209,0
DA:211,0
DA:212,0
DA:217,0
DA:221,0
DA:229,0
DA:230,0
DA:232,0
DA:234,0
DA:235,0
DA:239,0
DA:241,0
DA:243,0
DA:244,0
DA:246,0
DA:247,0
DA:249,0
DA:250,0
DA:252,0
DA:253,0
DA:258,0
DA:262,0
DA:270,0
DA:272,0
DA:273,0
DA:274,0
DA:275,0
DA:276,0
DA:277,0
DA:278,0
DA:281,0
DA:285,0
DA:286,0
DA:290,0
DA:294,0
DA:295,0
DA:296,0
DA:297,0
DA:298,0
DA:301,0
DA:305,1
DA:308,0
DA:309,0
DA:310,0
DA:311,0
DA:312,0
DA:313,0
LF:159
LH:4
BRDA:9,0,0,0
BRDA:9,0,1,0
BRDA:9,1,0,0
BRDA:9,1,1,0
BRDA:11,2,0,0
BRDA:11,2,1,0
BRDA:11,3,0,0
BRDA:11,3,1,0
BRDA:17,4,0,0
BRDA:17,4,1,0
BRDA:17,5,0,0
BRDA:17,5,1,0
BRDA:18,6,0,0
BRDA:18,6,1,0
BRDA:18,7,0,0
BRDA:18,7,1,0
BRDA:28,8,0,0
BRDA:28,8,1,0
BRDA:29,9,0,0
BRDA:29,9,1,0
BRDA:32,10,0,0
BRDA:32,10,1,0
BRDA:34,11,0,0
BRDA:34,11,1,0
BRDA:39,12,0,0
BRDA:39,12,1,0
BRDA:42,13,0,0
BRDA:42,13,1,0
BRDA:49,14,0,0
BRDA:49,14,1,0
BRDA:50,15,0,0
BRDA:50,15,1,0
BRDA:53,16,0,0
BRDA:53,16,1,0
BRDA:68,17,0,0
BRDA:68,17,1,0
BRDA:79,18,0,0
BRDA:79,18,1,0
BRDA:79,19,0,0
BRDA:79,19,1,0
BRDA:81,20,0,0
BRDA:81,20,1,0
BRDA:83,21,0,0
BRDA:83,21,1,0
BRDA:85,22,0,0
BRDA:85,22,1,0
BRDA:85,23,0,0
BRDA:85,23,1,0
BRDA:89,24,0,0
BRDA:89,24,1,0
BRDA:89,25,0,0
BRDA:89,25,1,0
BRDA:92,26,0,0
BRDA:92,26,1,0
BRDA:94,27,0,0
BRDA:94,27,1,0
BRDA:94,28,0,0
BRDA:94,28,1,0
BRDA:105,29,0,0
BRDA:105,29,1,0
BRDA:109,30,0,0
BRDA:109,30,1,0
BRDA:110,31,0,0
BRDA:110,31,1,0
BRDA:132,32,0,0
BRDA:132,32,1,0
BRDA:132,33,0,0
BRDA:132,33,1,0
BRDA:134,34,0,0
BRDA:134,34,1,0
BRDA:136,35,0,0
BRDA:136,35,1,0
BRDA:138,36,0,0
BRDA:138,36,1,0
BRDA:138,37,0,0
BRDA:138,37,1,0
BRDA:142,38,0,0
BRDA:142,38,1,0
BRDA:142,39,0,0
BRDA:142,39,1,0
BRDA:145,40,0,0
BRDA:145,40,1,0
BRDA:147,41,0,0
BRDA:147,41,1,0
BRDA:147,42,0,0
BRDA:147,42,1,0
BRDA:158,43,0,0
BRDA:158,43,1,0
BRDA:162,44,0,0
BRDA:162,44,1,0
BRDA:163,45,0,0
BRDA:163,45,1,0
BRDA:185,46,0,0
BRDA:185,46,1,0
BRDA:185,47,0,0
BRDA:185,47,1,0
BRDA:187,48,0,0
BRDA:187,48,1,0
BRDA:189,49,0,0
BRDA:189,49,1,0
BRDA:193,50,0,0
BRDA:193,50,1,0
BRDA:205,51,0,0
BRDA:205,51,1,0
BRDA:208,52,0,0
BRDA:208,52,1,0
BRDA:230,53,0,0
BRDA:230,53,1,0
BRDA:230,54,0,0
BRDA:230,54,1,0
BRDA:232,55,0,0
BRDA:232,55,1,0
BRDA:234,56,0,0
BRDA:234,56,1,0
BRDA:246,57,0,0
BRDA:246,57,1,0
BRDA:249,58,0,0
BRDA:249,58,1,0
BRDA:272,59,0,0
BRDA:272,59,1,0
BRDA:273,60,0,0
BRDA:273,60,1,0
BRDA:274,61,0,0
BRDA:274,61,1,0
BRDA:275,62,0,0
BRDA:275,62,1,0
BRDA:276,63,0,0
BRDA:276,63,1,0
BRDA:277,64,0,0
BRDA:277,64,1,0
BRDA:286,65,0,0
BRDA:286,65,1,0
BRDA:286,66,0,0
BRDA:286,66,1,0
BRDA:297,67,0,0
BRDA:297,67,1,0
BRF:136
BRH:0
end_of_record
TN:
SF:src/utils.ts
FN:1,isControlKey
FN:14,set
FN:24,unset
FN:37,toRegex
FN:49,objectIsEmpty
FN:54,objectHasProperty
FN:61,isEqual
FN:80,(anonymous_7)
FN:125,debounce
FNF:9
FNH:5
FNDA:0,isControlKey
FNDA:4,set
FNDA:29,unset
FNDA:0,toRegex
FNDA:46,objectIsEmpty
FNDA:29,objectHasProperty
FNDA:9,isEqual
FNDA:0,(anonymous_7)
FNDA:0,debounce
DA:1,3
DA:2,0
DA:4,0
DA:14,3
DA:15,4
DA:16,0
DA:19,4
DA:24,3
DA:26,29
DA:28,0
DA:29,0
DA:32,0
DA:37,3
DA:38,0
DA:39,0
DA:40,0
DA:41,0
DA:44,0
DA:49,3
DA:50,46
DA:54,3
DA:55,29
DA:56,29
DA:57,29
DA:61,3
DA:64,9
DA:67,9
DA:70,5
DA:71,5
DA:75,0
DA:76,0
DA:77,0
DA:80,0
DA:83,0
DA:86,0
DA:87,0
DA:94,0
DA:98,0
DA:99,0
DA:101,0
DA:108,0
DA:109,0
DA:110,0
DA:113,0
DA:114,0
DA:115,0
DA:121,0
DA:125,3
DA:127,0
DA:128,0
DA:132,3
LF:51
LH:20
BRDA:5,0,0,0
BRDA:5,0,1,0
BRDA:5,0,2,0
BRDA:5,0,3,0
BRDA:5,0,4,0
BRDA:5,0,5,0
BRDA:5,0,6,0
BRDA:5,0,7,0
BRDA:5,0,8,0
BRDA:15,1,0,0
BRDA:15,1,1,4
BRDA:26,2,0,29
BRDA:26,2,1,0
BRDA:28,3,0,0
BRDA:28,3,1,0
BRDA:50,4,0,46
BRDA:50,4,1,14
BRDA:55,5,0,0
BRDA:55,5,1,29
BRDA:55,6,0,29
BRDA:55,6,1,29
BRDA:56,7,0,29
BRDA:56,7,1,0
BRDA:57,8,0,29
BRDA:57,8,1,0
BRDA:57,8,2,0
BRDA:67,9,0,4
BRDA:67,9,1,5
BRDA:70,10,0,5
BRDA:70,10,1,0
BRDA:75,11,0,0
BRDA:75,11,1,0
BRDA:76,12,0,0
BRDA:76,12,1,0
BRDA:77,13,0,0
BRDA:77,13,1,0
BRDA:86,14,0,0
BRDA:86,14,1,0
BRDA:87,15,0,0
BRDA:87,15,1,0
BRDA:94,16,0,0
BRDA:94,16,1,0
BRDA:98,17,0,0
BRDA:98,17,1,0
BRDA:99,18,0,0
BRDA:99,18,1,0
BRDA:101,19,0,0
BRDA:101,19,1,0
BRDA:108,20,0,0
BRDA:108,20,1,0
BRDA:110,21,0,0
BRDA:110,21,1,0
BRDA:114,22,0,0
BRDA:114,22,1,0
BRDA:115,23,0,0
BRDA:115,23,1,0
BRDA:125,24,0,0
BRDA:125,24,1,0
BRF:58
BRH:12
end_of_record
TN:
SF:src/validators.ts
FN:31,validate
FN:36,_v
FN:53,validateAndMutate
FN:58,_v
FN:78,validateValue
FN:89,validateFieldAndMutate
FN:122,invalidateMutatedField
FN:130,validateAsOptional
FN:145,resolvePureValidationOptions
FN:150,resolvePureValidationOption
FN:159,resolveMutatingValidationOptions
FN:161,(anonymous_11)
FN:166,resolveMutatingValidationOption
FN:180,resolveRules
FN:187,resolveValidateIf
FNF:15
FNH:15
FNDA:2,validate
FNDA:2,_v
FNDA:2,validateAndMutate
FNDA:2,_v
FNDA:8,validateValue
FNDA:6,validateFieldAndMutate
FNDA:9,invalidateMutatedField
FNDA:34,validateAsOptional
FNDA:2,resolvePureValidationOptions
FNDA:8,resolvePureValidationOption
FNDA:2,resolveMutatingValidationOptions
FNDA:6,(anonymous_11)
FNDA:6,resolveMutatingValidationOption
FNDA:14,resolveRules
FNDA:14,resolveValidateIf
DA:2,1
DA:3,1
DA:31,1
DA:33,2
DA:38,8
DA:40,8
DA:42,8
DA:44,8
DA:48,1
DA:53,1
DA:55,2
DA:60,2
DA:62,6
DA:64,6
DA:66,6
DA:68,6
DA:72,2
DA:78,1
DA:80,23
DA:81,23
DA:82,23
DA:85,7
DA:89,1
DA:91,12
DA:93,11
DA:95,11
DA:97,2
DA:98,1
DA:99,1
DA:102,1
DA:103,1
DA:106,2
DA:108,2
DA:112,9
DA:117,4
DA:122,1
DA:123,9
DA:124,9
DA:125,9
DA:132,34
DA:133,34
DA:135,33
DA:140,2
DA:146,2
DA:151,8
DA:161,6
DA:168,6
DA:169,6
DA:171,6
DA:181,14
DA:188,14
LF:51
LH:51
BRDA:40,0,0,0
BRDA:40,0,1,8
BRDA:44,1,0,1
BRDA:44,1,1,7
BRDA:64,2,0,0
BRDA:64,2,1,6
BRDA:68,3,0,2
BRDA:68,3,1,4
BRDA:82,4,0,1
BRDA:82,4,1,22
BRDA:95,5,0,2
BRDA:95,5,1,9
BRDA:97,6,0,1
BRDA:97,6,1,1
BRDA:133,7,0,1
BRDA:133,7,1,33
BRDA:135,8,0,31
BRDA:135,8,1,2
BRDA:135,9,0,33
BRDA:135,9,1,27
BRDA:168,10,0,0
BRDA:168,10,1,6
BRDA:169,11,0,0
BRDA:169,11,1,6
BRDA:182,12,0,14
BRDA:182,12,1,0
BRDA:181,13,0,14
BRDA:181,13,1,14
BRDA:183,14,0,0
BRDA:183,14,1,0
BRDA:182,15,0,0
BRDA:182,15,1,0
BRDA:188,16,0,14
BRDA:188,16,1,0
BRDA:188,17,0,14
BRDA:188,17,1,0
BRF:36
BRH:25
end_of_record
TN:
SF:src/rules/alpha.ts
FN:5,(anonymous_0)
FN:7,(anonymous_1)
FNF:2
FNH:2
FNDA:12,(anonymous_0)
FNDA:12,(anonymous_1)
DA:5,2
DA:7,12
DA:9,12
DA:14,5
LF:4
LH:4
BRDA:9,0,0,7
BRDA:9,0,1,5
BRF:2
BRH:2
end_of_record
TN:
SF:src/rules/alphaNumeric.ts
FN:5,(anonymous_0)
FN:16,isAlphaNumeric
FNF:2
FNH:2
FNDA:5,(anonymous_0)
FNDA:5,isAlphaNumeric
DA:5,2
DA:7,5
DA:12,2
DA:19,5
DA:20,35
DA:21,35
DA:24,2
DA:27,3
LF:8
LH:8
BRDA:7,0,0,3
BRDA:7,0,1,2
BRDA:21,1,0,2
BRDA:21,1,1,33
BRDA:21,2,0,35
BRDA:21,2,1,16
BRDA:21,2,2,16
BRDA:21,3,0,35
BRDA:21,3,1,34
BRDA:22,4,0,16
BRDA:22,4,1,15
BRDA:23,5,0,16
BRDA:23,5,1,14
BRF:13
BRH:13
end_of_record
TN:
SF:src/rules/charRange.ts
FN:7,(anonymous_0)
FN:7,(anonymous_1)
FN:9,(anonymous_2)
FN:10,(anonymous_3)
FNF:4
FNH:4
FNDA:5,(anonymous_0)
FNDA:5,(anonymous_1)
FNDA:5,(anonymous_2)
FNDA:5,(anonymous_3)
DA:2,2
DA:3,2
DA:7,5
DA:9,5
DA:10,5
DA:12,5
DA:17,2
LF:7
LH:7
BRDA:12,0,0,3
BRDA:12,0,1,2
BRDA:12,1,0,5
BRDA:12,1,1,5
BRF:4
BRH:4
end_of_record
TN:
SF:src/rules/contains.ts
FN:5,(anonymous_0)
FN:5,(anonymous_1)
FN:7,(anonymous_2)
FNF:3
FNH:3
FNDA:10,(anonymous_0)
FNDA:10,(anonymous_1)
FNDA:10,(anonymous_2)
DA:5,10
DA:7,10
DA:9,10
DA:14,4
LF:4
LH:4
BRDA:9,0,0,6
BRDA:9,0,1,4
BRF:2
BRH:2
end_of_record
TN:
SF:src/rules/containsNumbers.ts
FN:5,(anonymous_0)
FN:5,(anonymous_1)
FN:7,(anonymous_2)
FNF:3
FNH:0
FNDA:0,(anonymous_0)
FNDA:0,(anonymous_1)
FNDA:0,(anonymous_2)
DA:5,1
DA:7,0
DA:8,0
DA:9,0
DA:10,0
DA:11,0
DA:13,0
DA:16,0
DA:21,0
LF:9
LH:1
BRDA:11,0,0,0
BRDA:11,0,1,0
BRDA:16,1,0,0
BRDA:16,1,1,0
BRF:4
BRH:0
end_of_record
TN:
SF:src/rules/decimal.ts
FN:4,(anonymous_0)
FN:6,(anonymous_1)
FNF:2
FNH:0
FNDA:0,(anonymous_0)
FNDA:0,(anonymous_1)
DA:4,1
DA:6,0
DA:8,0
DA:13,0
LF:4
LH:1
BRDA:8,0,0,0
BRDA:8,0,1,0
BRF:2
BRH:0
end_of_record
TN:
SF:src/rules/email.ts
FN:4,(anonymous_0)
FN:6,(anonymous_1)
FNF:2
FNH:0
FNDA:0,(anonymous_0)
FNDA:0,(anonymous_1)
DA:4,1
DA:6,0
DA:8,0
DA:13,0
LF:4
LH:1
BRDA:8,0,0,0
BRDA:8,0,1,0
BRF:2
BRH:0
end_of_record
TN:
SF:src/rules/equal.ts
FN:5,(anonymous_0)
FN:5,(anonymous_1)
FNF:2
FNH:2
FNDA:9,(anonymous_0)
FNDA:9,(anonymous_1)
DA:1,2
DA:5,9
DA:7,9
DA:8,4
DA:14,5
LF:5
LH:5
BRDA:7,0,0,4
BRDA:7,0,1,5
BRF:2
BRH:2
end_of_record
TN:
SF:src/rules/index.ts
FN:10,(anonymous_0)
FNF:1
FNH:1
FNDA:33,(anonymous_0)
DA:10,3
DA:11,33
DA:12,33
LF:3
LH:3
BRDA:11,0,0,19
BRDA:11,0,1,14
BRDA:12,1,0,3
BRDA:12,1,1,30
BRDA:12,2,0,16
BRDA:12,2,1,14
BRF:6
BRH:6
end_of_record
TN:
SF:src/rules/integer.ts
FN:4,(anonymous_0)
FN:6,(anonymous_1)
FNF:2
FNH:0
FNDA:0,(anonymous_0)
FNDA:0,(anonymous_1)
DA:4,1
DA:6,0
DA:8,0
DA:13,0
LF:4
LH:1
BRDA:8,0,0,0
BRDA:8,0,1,0
BRF:2
BRH:0
end_of_record
TN:
SF:src/rules/ipAddress.ts
FN:4,(anonymous_0)
FN:6,(anonymous_1)
FNF:2
FNH:0
FNDA:0,(anonymous_0)
FNDA:0,(anonymous_1)
DA:4,1
DA:6,0
DA:8,0
DA:13,0
LF:4
LH:1
BRDA:8,0,0,0
BRDA:8,0,1,0
BRF:2
BRH:0
end_of_record
TN:
SF:src/rules/macAddress.ts
FN:4,(anonymous_0)
FN:6,(anonymous_1)
FNF:2
FNH:0
FNDA:0,(anonymous_0)
FNDA:0,(anonymous_1)
DA:4,1
DA:6,0
DA:8,0
DA:13,0
LF:4
LH:1
BRDA:8,0,0,0
BRDA:8,0,1,0
BRF:2
BRH:0
end_of_record
TN:
SF:src/rules/match.ts
FN:5,(anonymous_0)
FN:5,(anonymous_1)
FNF:2
FNH:2
FNDA:5,(anonymous_0)
FNDA:5,(anonymous_1)
DA:5,5
DA:6,5
DA:7,5
DA:8,3
DA:14,2
DA:16,0
LF:6
LH:5
BRDA:7,0,0,3
BRDA:7,0,1,2
BRDA:7,1,0,5
BRDA:7,1,1,2
BRF:4
BRH:4
end_of_record
TN:
SF:src/rules/matchLength.ts
FN:4,(anonymous_0)
FN:4,(anonymous_1)
FN:6,(anonymous_2)
FNF:3
FNH:3
FNDA:7,(anonymous_0)
FNDA:7,(anonymous_1)
FNDA:7,(anonymous_2)
DA:4,7
DA:6,7
DA:7,7
DA:8,7
DA:9,7
DA:12,7
DA:17,2
LF:7
LH:7
BRDA:7,0,0,5
BRDA:7,0,1,2
BRDA:8,1,0,6
BRDA:8,1,1,1
BRDA:8,2,0,7
BRDA:8,2,1,6
BRDA:12,3,0,5
BRDA:12,3,1,2
BRF:8
BRH:8
end_of_record
TN:
SF:src/rules/max.ts
FN:5,(anonymous_0)
FN:5,(anonymous_1)
FNF:2
FNH:2
FNDA:21,(anonymous_0)
FNDA:21,(anonymous_1)
DA:1,3
DA:5,21
DA:7,21
DA:12,9
LF:4
LH:4
BRDA:7,0,0,12
BRDA:7,0,1,9
BRF:2
BRH:2
end_of_record
TN:
SF:src/rules/maxChar.ts
FN:4,(anonymous_0)
FN:4,(anonymous_1)
FN:6,(anonymous_2)
FNF:3
FNH:3
FNDA:18,(anonymous_0)
FNDA:16,(anonymous_1)
FNDA:16,(anonymous_2)
DA:4,18
DA:6,16
DA:8,16
DA:13,4
LF:4
LH:4
BRDA:8,0,0,12
BRDA:8,0,1,4
BRF:2
BRH:2
end_of_record
TN:
SF:src/rules/maxWord.ts
FN:4,(anonymous_0)
FN:4,(anonymous_1)
FN:6,(anonymous_2)
FNF:3
FNH:3
FNDA:9,(anonymous_0)
FNDA:9,(anonymous_1)
FNDA:30,(anonymous_2)
DA:4,9
DA:6,30
DA:7,9
DA:12,1
LF:4
LH:4
BRDA:7,0,0,8
BRDA:7,0,1,1
BRF:2
BRH:2
end_of_record
TN:
SF:src/rules/min.ts
FN:4,(anonymous_0)
FN:4,(anonymous_1)
FNF:2
FNH:2
FNDA:12,(anonymous_0)
FNDA:12,(anonymous_1)
DA:1,2
DA:4,12
DA:6,12
DA:11,0
LF:4
LH:3
BRDA:6,0,0,12
BRDA:6,0,1,0
BRF:2
BRH:1
end_of_record
TN:
SF:src/rules/minChar.ts
FN:4,(anonymous_0)
FN:4,(anonymous_1)
FNF:2
FNH:2
FNDA:10,(anonymous_0)
FNDA:10,(anonymous_1)
DA:4,10
DA:6,10
DA:11,2
LF:3
LH:3
BRDA:6,0,0,8
BRDA:6,0,1,2
BRF:2
BRH:2
end_of_record
TN:
SF:src/rules/minWord.ts
FN:4,(anonymous_0)
FN:4,(anonymous_1)
FN:6,(anonymous_2)
FNF:3
FNH:3
FNDA:11,(anonymous_0)
FNDA:11,(anonymous_1)
FNDA:39,(anonymous_2)
DA:4,11
DA:6,39
DA:7,11
DA:12,3
LF:4
LH:4
BRDA:7,0,0,8
BRDA:7,0,1,3
BRF:2
BRH:2
end_of_record
TN:
SF:src/rules/notContain.ts
FN:6,(anonymous_0)
FN:6,(anonymous_1)
FNF:2
FNH:2
FNDA:5,(anonymous_0)
FNDA:5,(anonymous_1)
DA:1,2
DA:6,5
DA:8,5
DA:13,3
LF:4
LH:4
BRDA:8,0,0,2
BRDA:8,0,1,3
BRF:2
BRH:2
end_of_record
TN:
SF:src/rules/numeric.ts
FN:5,(anonymous_0)
FNF:1
FNH:1
FNDA:18,(anonymous_0)
DA:5,2
DA:7,18
DA:12,9
LF:3
LH:3
BRDA:7,0,0,9
BRDA:7,0,1,9
BRF:2
BRH:2
end_of_record
TN:
SF:src/rules/range.ts
FN:7,(anonymous_0)
FN:7,(anonymous_1)
FN:9,(anonymous_2)
FN:10,(anonymous_3)
FNF:4
FNH:4
FNDA:11,(anonymous_0)
FNDA:10,(anonymous_1)
FNDA:10,(anonymous_2)
FNDA:10,(anonymous_3)
DA:2,2
DA:3,2
DA:7,11
DA:9,10
DA:10,10
DA:12,10
DA:17,4
LF:7
LH:7
BRDA:12,0,0,6
BRDA:12,0,1,4
BRDA:12,1,0,10
BRDA:12,1,1,10
BRF:4
BRH:4
end_of_record
TN:
SF:src/rules/required.ts
FN:5,required
FN:11,(anonymous_1)
FNF:2
FNH:2
FNDA:20,required
FNDA:63,(anonymous_1)
DA:1,2
DA:5,2
DA:6,20
DA:7,12
DA:11,2
DA:13,63
DA:15,63
DA:16,19
DA:19,44
LF:9
LH:9
BRDA:6,0,0,8
BRDA:6,0,1,12
BRDA:6,1,0,20
BRDA:6,1,1,13
BRDA:13,2,0,36
BRDA:13,2,1,27
BRDA:15,3,0,19
BRDA:15,3,1,44
BRDA:15,4,0,63
BRDA:15,4,1,54
BRDA:15,4,2,52
BRDA:15,4,3,46
BRF:12
BRH:12
end_of_record
TN:
SF:src/rules/url.ts
FN:5,(anonymous_0)
FN:7,(anonymous_1)
FNF:2
FNH:0
FNDA:0,(anonymous_0)
FNDA:0,(anonymous_1)
DA:2,1
DA:5,1
DA:7,0
DA:15,0
DA:20,0
LF:5
LH:2
BRDA:15,0,0,0
BRDA:15,0,1,0
BRDA:15,1,0,0
BRDA:15,1,1,0
BRF:4
BRH:0
end_of_record
TN:
SF:src/rules/wordRange.ts
FN:7,(anonymous_0)
FN:7,(anonymous_1)
FN:9,(anonymous_2)
FN:10,(anonymous_3)
FNF:4
FNH:4
FNDA:6,(anonymous_0)
FNDA:6,(anonymous_1)
FNDA:6,(anonymous_2)
FNDA:5,(anonymous_3)
DA:2,1
DA:3,1
DA:7,6
DA:9,6
DA:10,6
DA:12,6
DA:17,2
LF:7
LH:7
BRDA:12,0,0,4
BRDA:12,0,1,2
BRDA:12,1,0,6
BRDA:12,1,1,5
BRF:4
BRH:4
end_of_record
